nohup: ignoring input
runner-incremental-continual-forget-baseline.sh: line 81: [false: command not found
==== Stage 1: inc={0,8,11,40,51}; seen={}; all(union)={0,8,11,40,51,57,66,67,88,94,100,101,102,103,104,105,106,107,108,109} ====
/home/shaokun/anaconda3/envs/CILPALM/lib/python3.10/site-packages/torchvision/io/image.py:13: UserWarning: Failed to load image Python extension: '/home/shaokun/anaconda3/envs/CILPALM/lib/python3.10/site-packages/torchvision/image.so: undefined symbol: _ZN3c1017RegisterOperatorsD1Ev'If you don't plan on using image functionality from `torchvision.io`, you can ignore this warning. Otherwise, there might be something wrong with your environment. Did you have `libjpeg` or `libpng` installed before building `torchvision` from source?
  warn(
usage: main.py [-h] [--in-dataset IN_DATASET]
               [--out-datasets [OUT_DATASETS ...]] [--backbone BACKBONE]
               [--method METHOD] [--seed SEED] [--gpu GPU] [--epochs EPOCHS]
               [-b BATCH_SIZE] [--lr LR] [--weight-decay WEIGHT_DECAY]
               [--print_every PRINT_EVERY] [--fine_tune] [--temp TEMP]
               [--cosine] [--warm] [--lr_decay_epochs LR_DECAY_EPOCHS]
               [--lr_decay_rate LR_DECAY_RATE] [--layers LAYERS]
               [--depth DEPTH] [--width WIDTH] [--growth GROWTH]
               [--droprate DROPRATE] [--save-path SAVE_PATH]
               [--load-path LOAD_PATH] [--reduce REDUCE] [--score SCORE]
               [--threshold THRESHOLD] [--k K] [--momentum MOMENTUM]
               [--proto_m PROTO_M] [--cache-size CACHE_SIZE] [--nviews NVIEWS]
               [--lambda_pcon LAMBDA_PCON] [--epsilon EPSILON]
               [--palm_enable PALM_ENABLE]
               [--palm_mle_mode {all,retain_only,old_mle_all_update}]
               [--palm_retain_only PALM_RETAIN_ONLY] [--pcon_inc PCON_INC]
               [--incremental] [--use_lora] [--lora_impl {native,peft}]
               [--lora_r LORA_R] [--lora_alpha LORA_ALPHA]
               [--lora_dropout LORA_DROPOUT]
               [--lora_target {head,encoder,both,encoder_all,both_all}]
               [--adapter_save_path ADAPTER_SAVE_PATH]
               [--adapter_load_path ADAPTER_LOAD_PATH] [--lora_stack]
               [--lora_orth_enable] [--lora_orth_lambda LORA_ORTH_LAMBDA]
               [--lora_orth_ref_paths LORA_ORTH_REF_PATHS]
               [--forget_classes FORGET_CLASSES]
               [--forget_list_path FORGET_LIST_PATH]
               [--forget_classes_inc FORGET_CLASSES_INC]
               [--forget_classes_seen FORGET_CLASSES_SEEN]
               [--retain_exclude_csv RETAIN_EXCLUDE_CSV]
               [--forget_csv FORGET_CSV] [--forget_lambda FORGET_LAMBDA]
               [--forget_margin FORGET_MARGIN]
               [--forget_strategy {proto,randlabel,ga}]
               [--centers_path CENTERS_PATH] [--precision_path PRECISION_PATH]
               [--batch_forget_mode {none,balanced,proportional,retain_only,forget_only}]
               [--forget_proto_enable] [--forget_attr_w FORGET_ATTR_W]
               [--forget_proto_rep_w FORGET_PROTO_REP_W]
               [--forget_avgproto_enable]
               [--forget_avgproto_w FORGET_AVGPROTO_W] [--umap_enable]
               [--umap_by {domain,class}] [--umap_max_points UMAP_MAX_POINTS]
               [--umap_neighbors UMAP_NEIGHBORS]
               [--umap_min_dist UMAP_MIN_DIST] [--umap_metric UMAP_METRIC]
               [--umap_save_path UMAP_SAVE_PATH] [--umap_rf_only]
               [--keep_cache]
main.py: error: unrecognized arguments: --save_path checkpoints/CIFAR-110-resnet34-top5-palm-cache6-ema0.999-baseline-randlabel-b128-e50-lr0.001-wd1e-4-ltboth-bfmnone-fl0.2-lora_r8a32d0.05-temp0.08-continual-from-c90-to-CIFAR-110-forget-from-CIFAR-110-to-c90-stack/stage1/CIFAR-110-resnet34-.pt
