nohup: ignoring input
==== Stage 1: forget_inc={0,8,11,40,51}; forget_seen={}; all={0,8,11,40,51,66,67,88,94,57} ====
Disabling PyTorch because PyTorch >= 2.1 is required but found 2.0.1
None of PyTorch, TensorFlow >= 2.0, or Flax have been found. Models won't be available and only tokenizers, configuration and file/data utilities can be used.
usage: main.py [-h] [--in-dataset IN_DATASET]
               [--out-datasets [OUT_DATASETS ...]] [--backbone BACKBONE]
               [--method METHOD] [--seed SEED] [--gpu GPU] [--epochs EPOCHS]
               [-b BATCH_SIZE] [--lr LR] [--weight-decay WEIGHT_DECAY]
               [--print_every PRINT_EVERY] [--fine_tune] [--temp TEMP]
               [--cosine] [--warm] [--lr_decay_epochs LR_DECAY_EPOCHS]
               [--lr_decay_rate LR_DECAY_RATE] [--layers LAYERS]
               [--depth DEPTH] [--width WIDTH] [--growth GROWTH]
               [--droprate DROPRATE] [--save-path SAVE_PATH]
               [--load-path LOAD_PATH] [--reduce REDUCE] [--score SCORE]
               [--threshold THRESHOLD] [--k K] [--momentum MOMENTUM]
               [--proto_m PROTO_M] [--cache-size CACHE_SIZE] [--nviews NVIEWS]
               [--lambda_pcon LAMBDA_PCON] [--epsilon EPSILON] [--incremental]
               [--use_lora] [--lora_impl {native,peft}] [--lora_r LORA_R]
               [--lora_alpha LORA_ALPHA] [--lora_dropout LORA_DROPOUT]
               [--lora_target {head,encoder,both,encoder_all,both_all}]
               [--adapter_save_path ADAPTER_SAVE_PATH]
               [--adapter_load_path ADAPTER_LOAD_PATH]
               [--adapter_load_paths ADAPTER_LOAD_PATHS]
               [--lora_new_adapter_name LORA_NEW_ADAPTER_NAME] [--lora_stack]
               [--lora_orth_enable] [--lora_orth_lambda LORA_ORTH_LAMBDA]
               [--forget_classes FORGET_CLASSES]
               [--forget_list_path FORGET_LIST_PATH]
               [--forget_classes_inc FORGET_CLASSES_INC]
               [--forget_classes_seen FORGET_CLASSES_SEEN]
               [--forget_lambda FORGET_LAMBDA] [--forget_margin FORGET_MARGIN]
               [--forget_strategy {proto,randlabel,ga}]
               [--centers_path CENTERS_PATH] [--precision_path PRECISION_PATH]
               [--batch_forget_mode {none,balanced,proportional,retain_only}]
               [--forget_proto_enable] [--forget_attr_w FORGET_ATTR_W]
               [--forget_proto_rep_w FORGET_PROTO_REP_W]
               [--forget_avgproto_enable]
               [--forget_avgproto_w FORGET_AVGPROTO_W] [--umap_enable]
               [--umap_by {domain,class}] [--umap_max_points UMAP_MAX_POINTS]
               [--umap_neighbors UMAP_NEIGHBORS]
               [--umap_min_dist UMAP_MIN_DIST] [--umap_metric UMAP_METRIC]
               [--umap_save_path UMAP_SAVE_PATH] [--umap_rf_only]
               [--keep_cache]
main.py: error: unrecognized arguments:  
