nohup: ignoring input
/home/shaokun/anaconda3/envs/CILPALM/lib/python3.10/site-packages/torchvision/io/image.py:13: UserWarning: Failed to load image Python extension: '/home/shaokun/anaconda3/envs/CILPALM/lib/python3.10/site-packages/torchvision/image.so: undefined symbol: _ZN3c1017RegisterOperatorsD1Ev'If you don't plan on using image functionality from `torchvision.io`, you can ignore this warning. Otherwise, there might be something wrong with your environment. Did you have `libjpeg` or `libpng` installed before building `torchvision` from source?
  warn(
Files already downloaded and verified
Files already downloaded and verified
[ckpt] unexpected keys: ['fc.weight', 'fc.bias']
[cider] base weights loaded from /home/shaokun/cider-master/checkpoints/CIFAR-100/30_10_18:17_cider_resnet34_lr_0.5_cosine_True_bsz_512_cider_wd_1.0_500_128_trial_0_temp_0.1_CIFAR-100_pm_0.5/checkpoint_500.pth.tar
[cider] prototypes loaded from base ckpt
[cider] save to checkpoints/CIFAR-100/CIFAR-100-resnet34-cider-b512-e200-lr0.5-wd0.0001-fd128-w1.0-pm0.5-temp0.1-bfmbalanced-fl0.2.pt
/home/shaokun/PALM/cider_main.py:235: FutureWarning: `torch.cuda.amp.autocast(args...)` is deprecated. Please use `torch.amp.autocast('cuda', args...)` instead.
  with torch.cuda.amp.autocast(enabled=False):
[cider] ep 0 it 0 total=0.9676 comp=0.1256 dis=-0.0662 forget=0.9082
[peft] adapter saved to checkpoints/CIFAR-100-resnet34-palm-cider-b512-e200-lr0.5-wd1e-4-fd128-w1-pm0.5-temp0.1-bfmbalanced-fl0.2-adapter
[cider] ep 1 it 3 total=0.9741 comp=0.1184 dis=-0.0475 forget=0.9033
[peft] adapter saved to checkpoints/CIFAR-100-resnet34-palm-cider-b512-e200-lr0.5-wd1e-4-fd128-w1-pm0.5-temp0.1-bfmbalanced-fl0.2-adapter
[cider] ep 2 it 6 total=0.9358 comp=0.0839 dis=-0.0390 forget=0.8909
[cider] ep 3 it 9 total=0.9887 comp=0.1108 dis=-0.0345 forget=0.9124
[cider] ep 4 it 12 total=16.7334 comp=5.1102 dis=8.9863 forget=2.6369
[cider] ep 5 it 15 total=16.0822 comp=4.8964 dis=8.6399 forget=2.5458
[cider] ep 6 it 18 total=13.8514 comp=5.1849 dis=6.4653 forget=2.2011
[cider] ep 7 it 21 total=11.8051 comp=4.0567 dis=5.7694 forget=1.9790
[cider] ep 8 it 24 total=11.3794 comp=3.9383 dis=5.4347 forget=2.0065
[cider] ep 9 it 27 total=10.3623 comp=3.2873 dis=5.1536 forget=1.9214
[cider] ep 10 it 30 total=10.5304 comp=3.4431 dis=5.2319 forget=1.8554
[cider] ep 11 it 33 total=10.0935 comp=2.9388 dis=5.2323 forget=1.9224
[cider] ep 12 it 36 total=10.1493 comp=3.0085 dis=5.2332 forget=1.9076
[cider] ep 13 it 39 total=9.8704 comp=2.8211 dis=5.1235 forget=1.9257
[cider] ep 14 it 42 total=9.9322 comp=2.8980 dis=5.1357 forget=1.8985
[cider] ep 15 it 45 total=9.6915 comp=2.7207 dis=5.0856 forget=1.8853
[cider] ep 16 it 48 total=9.7397 comp=2.7440 dis=5.1040 forget=1.8917
[cider] ep 17 it 51 total=9.8391 comp=2.9044 dis=5.0809 forget=1.8538
[cider] ep 18 it 54 total=9.7890 comp=2.7925 dis=5.1167 forget=1.8797
[cider] ep 19 it 57 total=9.6620 comp=2.7242 dis=5.0510 forget=1.8868
[cider] ep 20 it 60 total=9.7004 comp=2.7330 dis=5.0902 forget=1.8772
[cider] ep 21 it 63 total=9.5727 comp=2.5546 dis=5.0998 forget=1.9183
[cider] ep 22 it 66 total=9.5742 comp=2.6031 dis=5.0842 forget=1.8869
[cider] ep 23 it 69 total=9.5617 comp=2.6640 dis=5.0170 forget=1.8808
[cider] ep 24 it 72 total=9.4510 comp=2.4802 dis=5.0743 forget=1.8965
[cider] ep 25 it 75 total=9.2629 comp=2.3896 dis=5.0099 forget=1.8634
[cider] ep 26 it 78 total=9.2967 comp=2.3686 dis=5.0948 forget=1.8332
[cider] ep 27 it 81 total=9.1704 comp=2.6109 dis=4.7240 forget=1.8355
[cider] ep 28 it 84 total=9.0298 comp=2.4529 dis=4.7408 forget=1.8361
[cider] ep 29 it 87 total=9.0046 comp=2.4617 dis=4.7090 forget=1.8339
[cider] ep 30 it 90 total=8.9551 comp=2.4415 dis=4.7645 forget=1.7491
[cider] ep 31 it 93 total=8.8411 comp=2.3570 dis=4.7102 forget=1.7739
[cider] ep 32 it 96 total=8.8841 comp=2.5131 dis=4.5744 forget=1.7966
[cider] ep 34 it 2 total=9.1463 comp=2.4991 dis=4.8552 forget=1.7920
[cider] ep 35 it 5 total=8.8535 comp=2.4045 dis=4.6903 forget=1.7587
[cider] ep 36 it 8 total=8.7276 comp=2.2878 dis=4.6772 forget=1.7626
[cider] ep 37 it 11 total=8.6497 comp=2.2404 dis=4.6215 forget=1.7879
[cider] ep 38 it 14 total=8.9035 comp=2.3943 dis=4.6745 forget=1.8346
[cider] ep 39 it 17 total=8.8117 comp=2.2841 dis=4.7284 forget=1.7992
[cider] ep 40 it 20 total=8.7868 comp=2.3000 dis=4.6554 forget=1.8315
[cider] ep 41 it 23 total=9.3395 comp=2.8488 dis=4.6874 forget=1.8032
[cider] ep 42 it 26 total=8.8738 comp=2.3508 dis=4.7052 forget=1.8177
[cider] ep 43 it 29 total=8.9560 comp=2.3592 dis=4.8161 forget=1.7807
[cider] ep 44 it 32 total=8.6220 comp=2.1905 dis=4.6442 forget=1.7874
[cider] ep 45 it 35 total=8.9843 comp=2.6023 dis=4.6437 forget=1.7383
[cider] ep 46 it 38 total=8.9605 comp=2.3998 dis=4.7476 forget=1.8131
[cider] ep 47 it 41 total=8.7093 comp=2.2453 dis=4.6526 forget=1.8115
[cider] ep 48 it 44 total=8.9541 comp=2.4836 dis=4.6604 forget=1.8101
[cider] ep 49 it 47 total=8.6099 comp=2.1312 dis=4.6913 forget=1.7874
[cider] ep 50 it 50 total=8.8161 comp=2.3495 dis=4.7099 forget=1.7567
[cider] ep 51 it 53 total=8.9995 comp=2.4768 dis=4.6971 forget=1.8256
[cider] ep 52 it 56 total=8.7956 comp=2.3923 dis=4.6078 forget=1.7956
[cider] ep 53 it 59 total=8.6861 comp=2.2914 dis=4.6125 forget=1.7821
[cider] ep 54 it 62 total=8.7011 comp=2.5883 dis=4.3832 forget=1.7296
[cider] ep 55 it 65 total=8.3141 comp=2.3264 dis=4.2823 forget=1.7054
[cider] ep 56 it 68 total=8.3348 comp=2.2391 dis=4.3663 forget=1.7295
[cider] ep 57 it 71 total=8.4648 comp=2.3969 dis=4.3048 forget=1.7632
[cider] ep 58 it 74 total=8.3111 comp=2.2382 dis=4.2839 forget=1.7889
[cider] ep 59 it 77 total=8.0769 comp=2.1203 dis=4.2566 forget=1.7001
[cider] ep 60 it 80 total=8.2349 comp=2.2045 dis=4.3138 forget=1.7166
[cider] ep 61 it 83 total=8.3551 comp=2.2512 dis=4.3848 forget=1.7191
[cider] ep 62 it 86 total=8.5624 comp=2.5396 dis=4.2443 forget=1.7785
[cider] ep 63 it 89 total=8.2873 comp=2.2333 dis=4.2697 forget=1.7843
[cider] ep 64 it 92 total=8.2570 comp=2.2763 dis=4.2550 forget=1.7258
[cider] ep 65 it 95 total=8.3614 comp=2.1773 dis=4.4318 forget=1.7523
[cider] ep 67 it 1 total=8.2273 comp=2.3261 dis=4.2581 forget=1.6431
[cider] ep 68 it 4 total=8.3265 comp=2.2193 dis=4.3331 forget=1.7741
[cider] ep 69 it 7 total=7.9958 comp=2.0255 dis=4.2639 forget=1.7065
[cider] ep 70 it 10 total=8.2273 comp=2.1847 dis=4.3333 forget=1.7093
[cider] ep 71 it 13 total=8.0838 comp=2.0200 dis=4.3019 forget=1.7619
[cider] ep 72 it 16 total=8.2243 comp=2.2101 dis=4.3324 forget=1.6817
[cider] ep 73 it 19 total=8.2253 comp=2.1873 dis=4.3238 forget=1.7142
[cider] ep 74 it 22 total=8.0718 comp=2.0738 dis=4.3085 forget=1.6895
[cider] ep 75 it 25 total=8.3176 comp=2.1604 dis=4.4121 forget=1.7451
[cider] ep 76 it 28 total=8.1918 comp=2.2557 dis=4.2551 forget=1.6811
[cider] ep 77 it 31 total=8.2257 comp=2.1014 dis=4.3701 forget=1.7542
[cider] ep 78 it 34 total=8.3387 comp=2.3179 dis=4.3035 forget=1.7173
[cider] ep 79 it 37 total=8.2849 comp=2.2693 dis=4.2653 forget=1.7503
[cider] ep 80 it 40 total=8.2790 comp=2.2297 dis=4.2770 forget=1.7723
[cider] ep 81 it 43 total=8.2000 comp=2.1843 dis=4.2885 forget=1.7272
[cider] ep 82 it 46 total=8.2136 comp=2.2906 dis=4.2121 forget=1.7110
[cider] ep 83 it 49 total=8.3225 comp=2.2446 dis=4.3467 forget=1.7311
[cider] ep 84 it 52 total=8.2866 comp=2.2306 dis=4.3219 forget=1.7341
[cider] ep 85 it 55 total=8.1637 comp=2.2536 dis=4.1890 forget=1.7211
[cider] ep 86 it 58 total=8.1609 comp=2.1482 dis=4.2787 forget=1.7341
[cider] ep 87 it 61 total=8.1355 comp=2.1858 dis=4.2363 forget=1.7134
[cider] ep 88 it 64 total=8.0412 comp=2.1289 dis=4.2312 forget=1.6811
[cider] ep 89 it 67 total=8.0012 comp=2.0911 dis=4.1957 forget=1.7144
[cider] ep 90 it 70 total=8.2828 comp=2.1881 dis=4.3323 forget=1.7625
[cider] ep 91 it 73 total=8.0848 comp=2.0450 dis=4.3281 forget=1.7118
[cider] ep 92 it 76 total=8.3493 comp=2.2990 dis=4.3404 forget=1.7099
[cider] ep 93 it 79 total=8.2544 comp=2.2024 dis=4.3143 forget=1.7378
[cider] ep 94 it 82 total=8.1255 comp=2.1644 dis=4.2306 forget=1.7305
[cider] ep 95 it 85 total=8.0113 comp=2.1002 dis=4.1942 forget=1.7169
[cider] ep 96 it 88 total=8.0325 comp=2.0510 dis=4.2565 forget=1.7249
[cider] ep 97 it 91 total=7.9859 comp=2.0019 dis=4.2855 forget=1.6985
[cider] ep 98 it 94 total=8.2933 comp=2.1997 dis=4.3502 forget=1.7434
[cider] ep 100 it 0 total=8.1372 comp=2.0922 dis=4.2744 forget=1.7706
[cider] ep 101 it 3 total=8.2140 comp=2.2725 dis=4.1868 forget=1.7547
[cider] ep 102 it 6 total=8.1515 comp=2.1861 dis=4.2731 forget=1.6924
[cider] ep 103 it 9 total=8.0204 comp=1.9343 dis=4.3533 forget=1.7328
[cider] ep 104 it 12 total=8.1442 comp=2.2261 dis=4.2107 forget=1.7073
[cider] ep 105 it 15 total=8.2738 comp=2.2082 dis=4.3303 forget=1.7353
[cider] ep 106 it 18 total=8.0697 comp=2.0687 dis=4.2676 forget=1.7333
[cider] ep 107 it 21 total=8.0230 comp=1.9825 dis=4.3193 forget=1.7212
[cider] ep 108 it 24 total=8.4472 comp=2.2394 dis=4.3844 forget=1.8234
[cider] ep 109 it 27 total=8.3652 comp=2.2233 dis=4.4017 forget=1.7403
[cider] ep 110 it 30 total=8.0232 comp=2.0784 dis=4.2255 forget=1.7193
[cider] ep 111 it 33 total=8.1186 comp=2.1007 dis=4.2519 forget=1.7661
[cider] ep 112 it 36 total=8.0139 comp=1.9802 dis=4.2795 forget=1.7541
[cider] ep 113 it 39 total=8.0796 comp=2.0987 dis=4.2742 forget=1.7068
[cider] ep 114 it 42 total=7.9774 comp=2.0924 dis=4.1750 forget=1.7101
[cider] ep 115 it 45 total=8.0671 comp=2.0586 dis=4.3022 forget=1.7063
[cider] ep 116 it 48 total=8.0806 comp=2.1170 dis=4.2596 forget=1.7039
[cider] ep 117 it 51 total=8.1002 comp=2.1496 dis=4.2735 forget=1.6772
[cider] ep 118 it 54 total=8.0879 comp=2.1174 dis=4.3032 forget=1.6673
[cider] ep 119 it 57 total=8.0872 comp=2.1425 dis=4.2315 forget=1.7133
[cider] ep 120 it 60 total=8.1476 comp=2.2941 dis=4.1521 forget=1.7013
[cider] ep 121 it 63 total=8.1344 comp=2.2160 dis=4.2558 forget=1.6626
[cider] ep 122 it 66 total=8.1499 comp=2.1465 dis=4.2659 forget=1.7374
[cider] ep 123 it 69 total=8.1314 comp=2.1277 dis=4.2557 forget=1.7479
[cider] ep 124 it 72 total=7.9999 comp=2.0434 dis=4.1996 forget=1.7569
[cider] ep 125 it 75 total=8.3169 comp=2.1345 dis=4.4438 forget=1.7387
[cider] ep 126 it 78 total=7.9493 comp=2.0495 dis=4.2062 forget=1.6936
[cider] ep 127 it 81 total=7.9434 comp=2.0671 dis=4.1536 forget=1.7227
[cider] ep 128 it 84 total=8.1098 comp=2.0470 dis=4.3551 forget=1.7077
[cider] ep 129 it 87 total=8.1391 comp=2.0663 dis=4.3290 forget=1.7439
[cider] ep 130 it 90 total=7.9013 comp=1.9727 dis=4.2398 forget=1.6888
[cider] ep 131 it 93 total=8.1879 comp=2.1892 dis=4.2591 forget=1.7396
[cider] ep 132 it 96 total=8.2458 comp=2.1951 dis=4.3140 forget=1.7367
[cider] ep 134 it 2 total=8.2362 comp=2.2154 dis=4.3395 forget=1.6813
[cider] ep 135 it 5 total=8.1308 comp=2.2214 dis=4.1925 forget=1.7170
[cider] ep 136 it 8 total=8.0610 comp=2.0607 dis=4.2714 forget=1.7289
[cider] ep 137 it 11 total=8.0514 comp=2.1613 dis=4.2113 forget=1.6787
[cider] ep 138 it 14 total=7.8755 comp=2.0111 dis=4.1444 forget=1.7200
[cider] ep 139 it 17 total=8.1374 comp=2.1117 dis=4.2761 forget=1.7495
[cider] ep 140 it 20 total=7.9054 comp=2.0772 dis=4.1502 forget=1.6780
[cider] ep 141 it 23 total=7.7610 comp=1.9419 dis=4.1320 forget=1.6871
[cider] ep 142 it 26 total=8.0467 comp=2.0442 dis=4.2724 forget=1.7301
[cider] ep 143 it 29 total=7.8602 comp=1.9793 dis=4.1926 forget=1.6883
[cider] ep 144 it 32 total=8.1407 comp=2.1825 dis=4.2143 forget=1.7439
[cider] ep 145 it 35 total=7.8688 comp=1.9321 dis=4.2400 forget=1.6967
[cider] ep 146 it 38 total=8.0652 comp=2.0729 dis=4.2789 forget=1.7135
[cider] ep 147 it 41 total=8.1389 comp=2.1533 dis=4.2910 forget=1.6946
[cider] ep 148 it 44 total=8.1072 comp=2.0856 dis=4.3049 forget=1.7166
[cider] ep 149 it 47 total=8.0861 comp=2.1276 dis=4.3063 forget=1.6523
[cider] ep 150 it 50 total=8.0957 comp=2.0979 dis=4.2691 forget=1.7287
[cider] ep 151 it 53 total=7.9109 comp=1.8950 dis=4.3163 forget=1.6997
[cider] ep 152 it 56 total=7.9794 comp=1.9330 dis=4.2896 forget=1.7568
[cider] ep 153 it 59 total=7.9540 comp=1.9710 dis=4.2411 forget=1.7419
[cider] ep 154 it 62 total=7.7859 comp=1.8618 dis=4.2441 forget=1.6800
[cider] ep 155 it 65 total=7.9744 comp=2.0348 dis=4.2332 forget=1.7064
[cider] ep 156 it 68 total=8.0931 comp=2.1331 dis=4.2250 forget=1.7350
[cider] ep 157 it 71 total=7.8452 comp=1.9864 dis=4.1834 forget=1.6754
[cider] ep 158 it 74 total=7.7312 comp=1.8025 dis=4.2106 forget=1.7180
[cider] ep 159 it 77 total=7.7578 comp=1.8945 dis=4.1614 forget=1.7020
[cider] ep 160 it 80 total=7.8121 comp=1.9340 dis=4.1621 forget=1.7160
[cider] ep 161 it 83 total=7.9485 comp=1.9233 dis=4.3019 forget=1.7233
[cider] ep 162 it 86 total=7.8196 comp=2.0202 dis=4.1528 forget=1.6466
[cider] ep 163 it 89 total=7.8375 comp=1.9021 dis=4.1954 forget=1.7400
[cider] ep 164 it 92 total=8.1659 comp=2.2030 dis=4.2452 forget=1.7178
[cider] ep 165 it 95 total=7.8159 comp=1.9387 dis=4.1697 forget=1.7076
[cider] ep 167 it 1 total=7.8849 comp=2.0413 dis=4.1309 forget=1.7127
[cider] ep 168 it 4 total=7.9555 comp=2.0635 dis=4.2126 forget=1.6794
[cider] ep 169 it 7 total=7.8564 comp=1.9239 dis=4.2144 forget=1.7182
[cider] ep 170 it 10 total=7.6275 comp=1.7705 dis=4.2429 forget=1.6141
[cider] ep 171 it 13 total=7.7325 comp=1.8523 dis=4.1827 forget=1.6975
[cider] ep 172 it 16 total=7.7806 comp=1.8270 dis=4.3086 forget=1.6450
[cider] ep 173 it 19 total=7.8631 comp=2.0373 dis=4.2018 forget=1.6241
[cider] ep 174 it 22 total=7.8991 comp=1.9543 dis=4.2496 forget=1.6951
[cider] ep 175 it 25 total=7.8656 comp=2.0688 dis=4.1325 forget=1.6644
[cider] ep 176 it 28 total=7.6991 comp=1.8528 dis=4.1550 forget=1.6913
[cider] ep 177 it 31 total=7.8919 comp=2.0288 dis=4.1453 forget=1.7179
[cider] ep 178 it 34 total=7.6384 comp=1.8288 dis=4.1375 forget=1.6722
[cider] ep 179 it 37 total=7.7631 comp=1.9644 dis=4.1067 forget=1.6920
[cider] ep 180 it 40 total=7.9740 comp=1.9576 dis=4.3130 forget=1.7034
[cider] ep 181 it 43 total=8.2417 comp=2.2534 dis=4.2644 forget=1.7238
[cider] ep 182 it 46 total=7.9326 comp=2.0046 dis=4.1767 forget=1.7513
[cider] ep 183 it 49 total=7.8892 comp=1.9393 dis=4.2207 forget=1.7292
[cider] ep 184 it 52 total=7.7726 comp=1.8496 dis=4.2586 forget=1.6644
[cider] ep 185 it 55 total=7.5429 comp=1.7722 dis=4.1109 forget=1.6597
[cider] ep 186 it 58 total=7.6543 comp=1.9233 dis=4.0708 forget=1.6602
[cider] ep 187 it 61 total=7.8688 comp=1.9655 dis=4.1608 forget=1.7425
[cider] ep 188 it 64 total=7.7942 comp=1.8727 dis=4.2488 forget=1.6727
[cider] ep 189 it 67 total=7.7293 comp=1.7968 dis=4.2133 forget=1.7191
[cider] ep 190 it 70 total=7.9117 comp=2.0098 dis=4.2189 forget=1.6830
[cider] ep 191 it 73 total=7.7519 comp=1.9269 dis=4.1062 forget=1.7189
[cider] ep 192 it 76 total=7.8022 comp=1.8969 dis=4.1855 forget=1.7199
[cider] ep 193 it 79 total=7.6712 comp=1.8367 dis=4.1964 forget=1.6381
[cider] ep 194 it 82 total=7.8929 comp=1.9816 dis=4.2229 forget=1.6885
[cider] ep 195 it 85 total=8.1027 comp=2.1757 dis=4.2152 forget=1.7118
[cider] ep 196 it 88 total=7.7547 comp=1.8394 dis=4.2358 forget=1.6795
[cider] ep 197 it 91 total=7.7570 comp=1.9187 dis=4.1630 forget=1.6753
[cider] ep 198 it 94 total=8.1107 comp=2.1324 dis=4.2304 forget=1.7480
