nohup: ignoring input
/home/shaokun/anaconda3/envs/CILPALM/lib/python3.10/site-packages/torchvision/io/image.py:13: UserWarning: Failed to load image Python extension: '/home/shaokun/anaconda3/envs/CILPALM/lib/python3.10/site-packages/torchvision/image.so: undefined symbol: _ZN3c1017RegisterOperatorsD1Ev'If you don't plan on using image functionality from `torchvision.io`, you can ignore this warning. Otherwise, there might be something wrong with your environment. Did you have `libjpeg` or `libpng` installed before building `torchvision` from source?
  warn(
Files already downloaded and verified
Files already downloaded and verified
[ckpt] unexpected keys: ['fc.weight', 'fc.bias']
[cider] base weights loaded from /home/shaokun/cider-master/checkpoints/CIFAR-100/30_10_18:17_cider_resnet34_lr_0.5_cosine_True_bsz_512_cider_wd_1.0_500_128_trial_0_temp_0.1_CIFAR-100_pm_0.5/checkpoint_500.pth.tar
[cider] prototypes loaded from base ckpt
[cider] save to checkpoints/CIFAR-100/CIFAR-100-resnet34-cider-b512-e200-lr0.5-wd0.0001-fd128-w1.0-pm0.5-temp0.1-bfmbalanced-fl0.2.pt
/home/shaokun/PALM/cider_main.py:235: FutureWarning: `torch.cuda.amp.autocast(args...)` is deprecated. Please use `torch.amp.autocast('cuda', args...)` instead.
  with torch.cuda.amp.autocast(enabled=False):
[cider] ep 0 it 0 total=0.9676 comp=0.1256 dis=-0.0662 forget=0.9082
[cider] ep 0 it 1 total=1.0143 comp=0.1617 dis=-0.0519 forget=0.9046
[cider] ep 0 it 2 total=1.0684 comp=0.1931 dis=-0.0396 forget=0.9149
[cider] ep 0 it 3 total=1.0268 comp=0.1627 dis=-0.0422 forget=0.9063
[cider] ep 0 it 4 total=0.9813 comp=0.1188 dis=-0.0422 forget=0.9047
[cider] ep 0 it 5 total=0.9854 comp=0.1366 dis=-0.0519 forget=0.9006
[cider] ep 0 it 6 total=1.0776 comp=0.2104 dis=-0.0562 forget=0.9234
[cider] ep 0 it 7 total=1.0291 comp=0.1781 dis=-0.0537 forget=0.9047
[cider] ep 0 it 8 total=1.0373 comp=0.1615 dis=-0.0440 forget=0.9198
[cider] ep 0 it 9 total=1.0175 comp=0.1476 dis=-0.0370 forget=0.9069
[cider] ep 0 it 10 total=0.9912 comp=0.1530 dis=-0.0678 forget=0.9061
[cider] ep 0 it 11 total=1.0144 comp=0.1539 dis=-0.0451 forget=0.9056
[cider] ep 0 it 12 total=1.0108 comp=0.1396 dis=-0.0356 forget=0.9068
[cider] ep 0 it 13 total=0.9848 comp=0.1450 dis=-0.0622 forget=0.9020
[cider] ep 0 it 14 total=1.0630 comp=0.1803 dis=-0.0237 forget=0.9063
[cider] ep 0 it 15 total=1.0807 comp=0.1754 dis=-0.0018 forget=0.9071
[cider] ep 0 it 16 total=1.0447 comp=0.1742 dis=-0.0381 forget=0.9086
[cider] ep 0 it 17 total=1.0330 comp=0.1469 dis=-0.0325 forget=0.9186
[cider] ep 0 it 18 total=0.9805 comp=0.1318 dis=-0.0523 forget=0.9010
[cider] ep 0 it 19 total=1.0192 comp=0.1578 dis=-0.0401 forget=0.9015
[cider] ep 0 it 20 total=1.0941 comp=0.2079 dis=-0.0259 forget=0.9120
[cider] ep 0 it 21 total=1.0481 comp=0.1632 dis=-0.0176 forget=0.9025
[cider] ep 0 it 22 total=1.0067 comp=0.1591 dis=-0.0581 forget=0.9057
[cider] ep 0 it 23 total=1.0219 comp=0.1646 dis=-0.0467 forget=0.9040
[cider] ep 0 it 24 total=1.0205 comp=0.1596 dis=-0.0420 forget=0.9028
[cider] ep 0 it 25 total=1.0610 comp=0.1730 dis=-0.0284 forget=0.9164
[cider] ep 0 it 26 total=1.0023 comp=0.1474 dis=-0.0508 forget=0.9056
[cider] ep 0 it 27 total=1.0194 comp=0.1696 dis=-0.0592 forget=0.9089
[cider] ep 0 it 28 total=0.9859 comp=0.1438 dis=-0.0565 forget=0.8986
[cider] ep 0 it 29 total=1.1072 comp=0.2105 dis=-0.0180 forget=0.9147
[cider] ep 0 it 30 total=1.0458 comp=0.1888 dis=-0.0545 forget=0.9115
[cider] ep 0 it 31 total=0.9940 comp=0.1512 dis=-0.0648 forget=0.9075
[cider] ep 0 it 32 total=1.0359 comp=0.1969 dis=-0.0698 forget=0.9089
[cider] ep 0 it 33 total=0.9904 comp=0.1328 dis=-0.0460 forget=0.9037
[cider] ep 0 it 34 total=1.0204 comp=0.1772 dis=-0.0679 forget=0.9111
[cider] ep 0 it 35 total=0.9830 comp=0.1356 dis=-0.0609 forget=0.9083
[cider] ep 0 it 36 total=1.0369 comp=0.1739 dis=-0.0469 forget=0.9099
[cider] ep 0 it 37 total=1.0210 comp=0.1607 dis=-0.0439 forget=0.9042
[cider] ep 0 it 38 total=1.0324 comp=0.1469 dis=-0.0256 forget=0.9111
[cider] ep 0 it 39 total=0.9998 comp=0.1617 dis=-0.0739 forget=0.9121
[cider] ep 0 it 40 total=0.9988 comp=0.1489 dis=-0.0551 forget=0.9050
[cider] ep 0 it 41 total=1.0184 comp=0.1795 dis=-0.0663 forget=0.9051
[cider] ep 0 it 42 total=1.0523 comp=0.1669 dis=-0.0228 forget=0.9082
[cider] ep 0 it 43 total=0.9847 comp=0.1143 dis=-0.0322 forget=0.9026
[cider] ep 0 it 44 total=1.0529 comp=0.1897 dis=-0.0486 forget=0.9118
[cider] ep 0 it 45 total=0.9708 comp=0.1333 dis=-0.0705 forget=0.9080
[cider] ep 0 it 46 total=0.9976 comp=0.1586 dis=-0.0688 forget=0.9078
[cider] ep 0 it 47 total=0.9889 comp=0.1444 dis=-0.0609 forget=0.9055
[cider] ep 0 it 48 total=1.0027 comp=0.1506 dis=-0.0603 forget=0.9125
[cider] ep 0 it 49 total=1.0168 comp=0.1547 dis=-0.0504 forget=0.9124
[cider] ep 0 it 50 total=0.9509 comp=0.1037 dis=-0.0568 forget=0.9040
[cider] ep 0 it 51 total=1.0010 comp=0.1302 dis=-0.0376 forget=0.9084
[cider] ep 0 it 52 total=1.0121 comp=0.1337 dis=-0.0398 forget=0.9182
[cider] ep 0 it 53 total=0.9434 comp=0.1134 dis=-0.0792 forget=0.9092
[cider] ep 0 it 54 total=1.0112 comp=0.1387 dis=-0.0352 forget=0.9078
[cider] ep 0 it 55 total=1.0118 comp=0.1246 dis=-0.0265 forget=0.9137
[cider] ep 0 it 56 total=1.0823 comp=0.1962 dis=-0.0282 forget=0.9143
[cider] ep 0 it 57 total=0.9756 comp=0.1378 dis=-0.0714 forget=0.9092
[cider] ep 0 it 58 total=1.0256 comp=0.1814 dis=-0.0680 forget=0.9122
[cider] ep 0 it 59 total=1.0322 comp=0.1629 dis=-0.0419 forget=0.9112
[cider] ep 0 it 60 total=1.0516 comp=0.1784 dis=-0.0407 forget=0.9138
[cider] ep 0 it 61 total=1.0182 comp=0.1493 dis=-0.0426 forget=0.9115
[cider] ep 0 it 62 total=1.0284 comp=0.1620 dis=-0.0455 forget=0.9119
[cider] ep 0 it 63 total=1.0172 comp=0.1521 dis=-0.0491 forget=0.9143
[cider] ep 0 it 64 total=1.0116 comp=0.1125 dis=-0.0131 forget=0.9123
[cider] ep 0 it 65 total=1.0141 comp=0.1426 dis=-0.0360 forget=0.9074
[cider] ep 0 it 66 total=1.0229 comp=0.1479 dis=-0.0395 forget=0.9145
[cider] ep 0 it 67 total=1.0382 comp=0.1384 dis=-0.0153 forget=0.9152
[cider] ep 0 it 68 total=1.0133 comp=0.1499 dis=-0.0497 forget=0.9130
[cider] ep 0 it 69 total=1.0461 comp=0.1561 dis=-0.0193 forget=0.9093
[cider] ep 0 it 70 total=1.0566 comp=0.1523 dis=-0.0080 forget=0.9122
[cider] ep 0 it 71 total=0.9974 comp=0.1224 dis=-0.0361 forget=0.9112
[cider] ep 0 it 72 total=1.0829 comp=0.2005 dis=-0.0349 forget=0.9173
[cider] ep 0 it 73 total=1.0365 comp=0.1493 dis=-0.0329 forget=0.9201
[cider] ep 0 it 74 total=1.0284 comp=0.1335 dis=-0.0202 forget=0.9150
[cider] ep 0 it 75 total=1.0208 comp=0.1445 dis=-0.0336 forget=0.9098
[cider] ep 0 it 76 total=1.0417 comp=0.1547 dis=-0.0271 forget=0.9141
[cider] ep 0 it 77 total=1.0053 comp=0.1566 dis=-0.0642 forget=0.9129
[cider] ep 0 it 78 total=1.0054 comp=0.1336 dis=-0.0435 forget=0.9153
[cider] ep 0 it 79 total=1.0395 comp=0.1621 dis=-0.0416 forget=0.9189
[cider] ep 0 it 80 total=1.0672 comp=0.1935 dis=-0.0486 forget=0.9223
[cider] ep 0 it 81 total=0.9817 comp=0.1275 dis=-0.0559 forget=0.9102
[cider] ep 0 it 82 total=1.0579 comp=0.1476 dis=-0.0219 forget=0.9322
[cider] ep 0 it 83 total=1.0668 comp=0.1739 dis=-0.0265 forget=0.9195
[cider] ep 0 it 84 total=1.0175 comp=0.1464 dis=-0.0451 forget=0.9162
[cider] ep 0 it 85 total=0.9911 comp=0.0942 dis=-0.0134 forget=0.9103
[cider] ep 0 it 86 total=1.0274 comp=0.1709 dis=-0.0605 forget=0.9170
[cider] ep 0 it 87 total=0.9653 comp=0.1182 dis=-0.0651 forget=0.9122
[cider] ep 0 it 88 total=1.0031 comp=0.1424 dis=-0.0518 forget=0.9124
[cider] ep 0 it 89 total=0.9920 comp=0.1491 dis=-0.0706 forget=0.9135
[cider] ep 0 it 90 total=0.9793 comp=0.0957 dis=-0.0287 forget=0.9123
[cider] ep 0 it 91 total=1.0120 comp=0.1248 dis=-0.0225 forget=0.9096
[cider] ep 0 it 92 total=0.9732 comp=0.1255 dis=-0.0620 forget=0.9097
[cider] ep 0 it 93 total=0.9997 comp=0.1154 dis=-0.0300 forget=0.9143
[cider] ep 0 it 94 total=0.9935 comp=0.1467 dis=-0.0664 forget=0.9132
[cider] ep 0 it 95 total=0.9964 comp=0.1143 dis=-0.0316 forget=0.9136
[cider] ep 0 it 96 total=0.9660 comp=0.1156 dis=-0.0571 forget=0.9075
[peft] adapter saved to checkpoints/CIFAR-100-resnet34-test-palm-cider-b512-e200-lr0.5-wd1e-4-fd128-w1-pm0.5-temp0.1-bfmbalanced-fl0.2-adapter
[cider] ep 1 it 0 total=1.0251 comp=0.1425 dis=-0.0277 forget=0.9103
[cider] ep 1 it 1 total=0.9967 comp=0.1240 dis=-0.0363 forget=0.9091
[cider] ep 1 it 2 total=0.9846 comp=0.1169 dis=-0.0389 forget=0.9065
[cider] ep 1 it 3 total=0.9742 comp=0.1184 dis=-0.0475 forget=0.9033
[cider] ep 1 it 4 total=0.9776 comp=0.1335 dis=-0.0638 forget=0.9079
[cider] ep 1 it 5 total=0.9671 comp=0.1141 dis=-0.0529 forget=0.9060
[cider] ep 1 it 6 total=0.9725 comp=0.0972 dis=-0.0345 forget=0.9098
[cider] ep 1 it 7 total=0.9928 comp=0.1527 dis=-0.0671 forget=0.9072
[cider] ep 1 it 8 total=0.9841 comp=0.1189 dis=-0.0500 forget=0.9152
[cider] ep 1 it 9 total=0.9533 comp=0.1118 dis=-0.0624 forget=0.9038
[cider] ep 1 it 10 total=0.9444 comp=0.0849 dis=-0.0486 forget=0.9080
[cider] ep 1 it 11 total=0.9688 comp=0.1086 dis=-0.0477 forget=0.9079
[cider] ep 1 it 12 total=0.9549 comp=0.0929 dis=-0.0441 forget=0.9061
[cider] ep 1 it 13 total=0.9658 comp=0.1204 dis=-0.0606 forget=0.9060
[cider] ep 1 it 14 total=0.9542 comp=0.1281 dis=-0.0736 forget=0.8998
[cider] ep 1 it 15 total=0.9754 comp=0.1314 dis=-0.0565 forget=0.9005
[cider] ep 1 it 16 total=0.9768 comp=0.1050 dis=-0.0339 forget=0.9057
[cider] ep 1 it 17 total=0.9688 comp=0.1285 dis=-0.0494 forget=0.8896
[cider] ep 1 it 18 total=0.9079 comp=0.0835 dis=-0.0708 forget=0.8952
[cider] ep 1 it 19 total=0.9296 comp=0.0938 dis=-0.0650 forget=0.9008
[cider] ep 1 it 20 total=0.9649 comp=0.1083 dis=-0.0438 forget=0.9004
[cider] ep 1 it 21 total=0.9458 comp=0.1147 dis=-0.0641 forget=0.8951
[cider] ep 1 it 22 total=0.9738 comp=0.1054 dis=-0.0415 forget=0.9099
[cider] ep 1 it 23 total=0.9534 comp=0.0924 dis=-0.0380 forget=0.8990
[cider] ep 1 it 24 total=0.9667 comp=0.0787 dis=-0.0370 forget=0.9250
[cider] ep 1 it 25 total=1.0121 comp=0.1198 dis=-0.0244 forget=0.9166
[cider] ep 1 it 26 total=0.9169 comp=0.0740 dis=-0.0509 forget=0.8938
[cider] ep 1 it 27 total=0.9263 comp=0.0808 dis=-0.0517 forget=0.8972
[cider] ep 1 it 28 total=0.9776 comp=0.0965 dis=-0.0279 forget=0.9091
[cider] ep 1 it 29 total=0.9625 comp=0.1157 dis=-0.0506 forget=0.8973
[cider] ep 1 it 30 total=0.9324 comp=0.0929 dis=-0.0586 forget=0.8980
[cider] ep 1 it 31 total=0.9333 comp=0.0755 dis=-0.0417 forget=0.8994
[cider] ep 1 it 32 total=0.9412 comp=0.0916 dis=-0.0455 forget=0.8951
[cider] ep 1 it 33 total=0.9473 comp=0.0983 dis=-0.0396 forget=0.8887
[cider] ep 1 it 34 total=0.9365 comp=0.0718 dis=-0.0392 forget=0.9039
[cider] ep 1 it 35 total=0.9289 comp=0.0900 dis=-0.0562 forget=0.8951
[cider] ep 1 it 36 total=0.9817 comp=0.1200 dis=-0.0461 forget=0.9078
[cider] ep 1 it 37 total=0.9696 comp=0.1125 dis=-0.0378 forget=0.8948
[cider] ep 1 it 38 total=0.9947 comp=0.1096 dis=-0.0299 forget=0.9149
[cider] ep 1 it 39 total=0.9545 comp=0.0978 dis=-0.0358 forget=0.8926
[cider] ep 1 it 40 total=1.0152 comp=0.1203 dis=-0.0073 forget=0.9021
[cider] ep 1 it 41 total=0.9392 comp=0.0740 dis=-0.0387 forget=0.9040
[cider] ep 1 it 42 total=0.9565 comp=0.1084 dis=-0.0448 forget=0.8928
[cider] ep 1 it 43 total=0.9126 comp=0.0817 dis=-0.0592 forget=0.8901
[cider] ep 1 it 44 total=0.9425 comp=0.1075 dis=-0.0539 forget=0.8889
[cider] ep 1 it 45 total=0.9655 comp=0.0909 dis=-0.0229 forget=0.8975
[cider] ep 1 it 46 total=0.9917 comp=0.0756 dis=-0.0168 forget=0.9329
[cider] ep 1 it 47 total=0.9350 comp=0.1082 dis=-0.0644 forget=0.8912
[cider] ep 1 it 48 total=0.9586 comp=0.1068 dis=-0.0507 forget=0.9025
[cider] ep 1 it 49 total=0.9415 comp=0.1030 dis=-0.0573 forget=0.8958
[cider] ep 1 it 50 total=0.9656 comp=0.1117 dis=-0.0417 forget=0.8956
[cider] ep 1 it 51 total=0.9892 comp=0.1117 dis=-0.0310 forget=0.9086
[cider] ep 1 it 52 total=0.9535 comp=0.0689 dis=-0.0326 forget=0.9173
[cider] ep 1 it 53 total=0.9703 comp=0.0977 dis=-0.0380 forget=0.9105
[cider] ep 1 it 54 total=0.9080 comp=0.0907 dis=-0.0723 forget=0.8895
[cider] ep 1 it 55 total=0.9671 comp=0.1023 dis=-0.0351 forget=0.8999
[cider] ep 1 it 56 total=0.9791 comp=0.1005 dis=-0.0218 forget=0.9004
[cider] ep 1 it 57 total=0.9017 comp=0.0868 dis=-0.0753 forget=0.8901
[cider] ep 1 it 58 total=0.9345 comp=0.0967 dis=-0.0495 forget=0.8873
[cider] ep 1 it 59 total=0.9820 comp=0.1379 dis=-0.0563 forget=0.9004
[cider] ep 1 it 60 total=0.9637 comp=0.1154 dis=-0.0508 forget=0.8991
[cider] ep 1 it 61 total=0.9529 comp=0.1005 dis=-0.0433 forget=0.8957
[cider] ep 1 it 62 total=0.9737 comp=0.1203 dis=-0.0460 forget=0.8994
[cider] ep 1 it 63 total=0.9779 comp=0.1045 dis=-0.0315 forget=0.9049
[cider] ep 1 it 64 total=0.9693 comp=0.1143 dis=-0.0433 forget=0.8983
[cider] ep 1 it 65 total=0.9681 comp=0.1081 dis=-0.0467 forget=0.9067
[cider] ep 1 it 66 total=0.9573 comp=0.0970 dis=-0.0418 forget=0.9021
[cider] ep 1 it 67 total=0.9294 comp=0.0878 dis=-0.0505 forget=0.8921
[cider] ep 1 it 68 total=0.9354 comp=0.0748 dis=-0.0378 forget=0.8983
[cider] ep 1 it 69 total=0.9436 comp=0.0720 dis=-0.0357 forget=0.9073
[cider] ep 1 it 70 total=0.9444 comp=0.0814 dis=-0.0348 forget=0.8978
[cider] ep 1 it 71 total=0.9362 comp=0.0742 dis=-0.0465 forget=0.9085
[cider] ep 1 it 72 total=0.9303 comp=0.0783 dis=-0.0441 forget=0.8960
[cider] ep 1 it 73 total=0.9717 comp=0.1297 dis=-0.0577 forget=0.8997
[cider] ep 1 it 74 total=0.9639 comp=0.1002 dis=-0.0473 forget=0.9110
[cider] ep 1 it 75 total=0.9805 comp=0.1153 dis=-0.0422 forget=0.9074
[cider] ep 1 it 76 total=0.9436 comp=0.0893 dis=-0.0487 forget=0.9029
[cider] ep 1 it 77 total=0.9669 comp=0.0914 dis=-0.0366 forget=0.9122
[cider] ep 1 it 78 total=0.9942 comp=0.0974 dis=-0.0238 forget=0.9205
[cider] ep 1 it 79 total=0.9648 comp=0.0983 dis=-0.0269 forget=0.8934
[cider] ep 1 it 80 total=0.9714 comp=0.1049 dis=-0.0293 forget=0.8958
[cider] ep 1 it 81 total=0.9798 comp=0.1172 dis=-0.0299 forget=0.8924
[cider] ep 1 it 82 total=0.9416 comp=0.1175 dis=-0.0682 forget=0.8922
[cider] ep 1 it 83 total=0.9446 comp=0.1091 dis=-0.0613 forget=0.8967
[cider] ep 1 it 84 total=0.9904 comp=0.1137 dis=-0.0268 forget=0.9035
[cider] ep 1 it 85 total=1.0266 comp=0.1195 dis=-0.0205 forget=0.9276
[cider] ep 1 it 86 total=0.9489 comp=0.0916 dis=-0.0370 forget=0.8943
[cider] ep 1 it 87 total=0.9388 comp=0.0979 dis=-0.0616 forget=0.9025
[cider] ep 1 it 88 total=0.9597 comp=0.0966 dis=-0.0441 forget=0.9072
[cider] ep 1 it 89 total=0.9800 comp=0.1158 dis=-0.0436 forget=0.9078
[cider] ep 1 it 90 total=0.9032 comp=0.0712 dis=-0.0608 forget=0.8929
[cider] ep 1 it 91 total=0.9856 comp=0.0999 dis=-0.0154 forget=0.9012
[cider] ep 1 it 92 total=0.9538 comp=0.0900 dis=-0.0499 forget=0.9137
[cider] ep 1 it 93 total=0.9383 comp=0.0975 dis=-0.0595 forget=0.9003
[cider] ep 1 it 94 total=0.9765 comp=0.0825 dis=-0.0172 forget=0.9112
[cider] ep 1 it 95 total=0.9616 comp=0.0890 dis=-0.0271 forget=0.8997
[cider] ep 1 it 96 total=0.9274 comp=0.1028 dis=-0.0587 forget=0.8833
[peft] adapter saved to checkpoints/CIFAR-100-resnet34-test-palm-cider-b512-e200-lr0.5-wd1e-4-fd128-w1-pm0.5-temp0.1-bfmbalanced-fl0.2-adapter
[cider] ep 2 it 0 total=0.9740 comp=0.1162 dis=-0.0390 forget=0.8968
[cider] ep 2 it 1 total=0.9454 comp=0.1074 dis=-0.0586 forget=0.8965
[cider] ep 2 it 2 total=0.9541 comp=0.1018 dis=-0.0413 forget=0.8936
[cider] ep 2 it 3 total=0.9764 comp=0.0942 dis=-0.0285 forget=0.9106
[cider] ep 2 it 4 total=0.9338 comp=0.1061 dis=-0.0615 forget=0.8892
[cider] ep 2 it 5 total=0.9555 comp=0.1052 dis=-0.0510 forget=0.9014
[cider] ep 2 it 6 total=0.9358 comp=0.0838 dis=-0.0389 forget=0.8909
[cider] ep 2 it 7 total=0.9311 comp=0.1134 dis=-0.0721 forget=0.8898
[cider] ep 2 it 8 total=0.9390 comp=0.1051 dis=-0.0577 forget=0.8916
[cider] ep 2 it 9 total=1.0056 comp=0.1191 dis=-0.0234 forget=0.9099
[cider] ep 2 it 10 total=0.9980 comp=0.1425 dis=-0.0525 forget=0.9080
[cider] ep 2 it 11 total=0.9850 comp=0.0956 dis=-0.0273 forget=0.9167
[cider] ep 2 it 12 total=0.9202 comp=0.0792 dis=-0.0535 forget=0.8945
[cider] ep 2 it 13 total=1.0127 comp=0.1417 dis=-0.0382 forget=0.9092
[cider] ep 2 it 14 total=0.9727 comp=0.0907 dis=-0.0265 forget=0.9086
[cider] ep 2 it 15 total=0.9802 comp=0.1118 dis=-0.0278 forget=0.8961
[cider] ep 2 it 16 total=0.9700 comp=0.1201 dis=-0.0485 forget=0.8983
[cider] ep 2 it 17 total=1.0101 comp=0.1455 dis=-0.0356 forget=0.9003
[cider] ep 2 it 18 total=0.9404 comp=0.0871 dis=-0.0375 forget=0.8908
[cider] ep 2 it 19 total=0.9229 comp=0.1031 dis=-0.0697 forget=0.8895
[cider] ep 2 it 20 total=0.9530 comp=0.0879 dis=-0.0326 forget=0.8977
[cider] ep 2 it 21 total=0.9361 comp=0.0887 dis=-0.0531 forget=0.9004
[cider] ep 2 it 22 total=0.9495 comp=0.0879 dis=-0.0420 forget=0.9036
[cider] ep 2 it 23 total=1.0032 comp=0.1505 dis=-0.0498 forget=0.9025
[cider] ep 2 it 24 total=0.9625 comp=0.1074 dis=-0.0342 forget=0.8894
[cider] ep 2 it 25 total=0.9603 comp=0.0993 dis=-0.0277 forget=0.8887
[cider] ep 2 it 26 total=0.9377 comp=0.0896 dis=-0.0418 forget=0.8899
[cider] ep 2 it 27 total=0.9087 comp=0.0833 dis=-0.0604 forget=0.8858
[cider] ep 2 it 28 total=0.9724 comp=0.1004 dis=-0.0225 forget=0.8945
[cider] ep 2 it 29 total=0.9900 comp=0.0810 dis=-0.0020 forget=0.9110
[cider] ep 2 it 30 total=0.9213 comp=0.0833 dis=-0.0629 forget=0.9010
[cider] ep 2 it 31 total=1.0034 comp=0.1068 dis=-0.0255 forget=0.9221
[cider] ep 2 it 32 total=0.9643 comp=0.0987 dis=-0.0350 forget=0.9006
[cider] ep 2 it 33 total=0.9824 comp=0.1159 dis=-0.0398 forget=0.9063
[cider] ep 2 it 34 total=0.9780 comp=0.0971 dis=-0.0360 forget=0.9169
[cider] ep 2 it 35 total=0.9879 comp=0.0953 dis=-0.0291 forget=0.9218
[cider] ep 2 it 36 total=0.9097 comp=0.0806 dis=-0.0660 forget=0.8951
[cider] ep 2 it 37 total=0.9037 comp=0.0787 dis=-0.0662 forget=0.8911
[cider] ep 2 it 38 total=0.9240 comp=0.0897 dis=-0.0539 forget=0.8883
[cider] ep 2 it 39 total=0.9828 comp=0.1151 dis=-0.0309 forget=0.8985
[cider] ep 2 it 40 total=0.9293 comp=0.0946 dis=-0.0589 forget=0.8936
[cider] ep 2 it 41 total=0.9061 comp=0.0949 dis=-0.0754 forget=0.8866
[cider] ep 2 it 42 total=0.9625 comp=0.1061 dis=-0.0391 forget=0.8955
[cider] ep 2 it 43 total=0.9558 comp=0.0855 dis=-0.0295 forget=0.8998
[cider] ep 2 it 44 total=1.0818 comp=0.1309 dis=0.0212 forget=0.9297
[cider] ep 2 it 45 total=0.9603 comp=0.1220 dis=-0.0550 forget=0.8932
[cider] ep 2 it 46 total=0.9250 comp=0.1043 dis=-0.0666 forget=0.8872
[cider] ep 2 it 47 total=0.9223 comp=0.0807 dis=-0.0509 forget=0.8926
[cider] ep 2 it 48 total=0.9234 comp=0.1071 dis=-0.0676 forget=0.8839
[cider] ep 2 it 49 total=0.8988 comp=0.0831 dis=-0.0724 forget=0.8882
[cider] ep 2 it 50 total=0.9870 comp=0.1188 dis=-0.0261 forget=0.8944
[cider] ep 2 it 51 total=0.9405 comp=0.1066 dis=-0.0565 forget=0.8903
[cider] ep 2 it 52 total=0.9640 comp=0.0876 dis=-0.0089 forget=0.8853
[cider] ep 2 it 53 total=1.0156 comp=0.1243 dis=-0.0233 forget=0.9146
[cider] ep 2 it 54 total=0.9930 comp=0.1116 dis=-0.0178 forget=0.8992
[cider] ep 2 it 55 total=0.9994 comp=0.1227 dis=-0.0090 forget=0.8857
[cider] ep 2 it 56 total=0.9603 comp=0.1112 dis=-0.0377 forget=0.8868
[cider] ep 2 it 57 total=0.9665 comp=0.1008 dis=-0.0370 forget=0.9027
[cider] ep 2 it 58 total=0.9746 comp=0.0940 dis=-0.0118 forget=0.8924
[cider] ep 2 it 59 total=0.9197 comp=0.0678 dis=-0.0512 forget=0.9031
[cider] ep 2 it 60 total=0.9908 comp=0.1171 dis=-0.0286 forget=0.9022
[cider] ep 2 it 61 total=0.9085 comp=0.0812 dis=-0.0544 forget=0.8817
[cider] ep 2 it 62 total=0.9891 comp=0.1115 dis=-0.0283 forget=0.9059
[cider] ep 2 it 63 total=0.9455 comp=0.0856 dis=-0.0413 forget=0.9012
[cider] ep 2 it 64 total=0.9225 comp=0.0903 dis=-0.0557 forget=0.8880
[cider] ep 2 it 65 total=0.9361 comp=0.0988 dis=-0.0483 forget=0.8856
[cider] ep 2 it 66 total=0.9725 comp=0.1162 dis=-0.0378 forget=0.8940
[cider] ep 2 it 67 total=0.9364 comp=0.1049 dis=-0.0535 forget=0.8851
[cider] ep 2 it 68 total=0.9527 comp=0.0917 dis=-0.0435 forget=0.9045
[cider] ep 2 it 69 total=0.9947 comp=0.1071 dis=-0.0307 forget=0.9182
[cider] ep 2 it 70 total=0.9262 comp=0.1035 dis=-0.0622 forget=0.8848
[cider] ep 2 it 71 total=0.9598 comp=0.1131 dis=-0.0521 forget=0.8989
[cider] ep 2 it 72 total=0.9820 comp=0.1361 dis=-0.0532 forget=0.8991
[cider] ep 2 it 73 total=0.9727 comp=0.1392 dis=-0.0646 forget=0.8981
[cider] ep 2 it 74 total=0.9710 comp=0.0877 dis=-0.0287 forget=0.9121
[cider] ep 2 it 75 total=0.9272 comp=0.0948 dis=-0.0597 forget=0.8921
[cider] ep 2 it 76 total=0.9895 comp=0.1405 dis=-0.0375 forget=0.8865
[cider] ep 2 it 77 total=0.9258 comp=0.0972 dis=-0.0661 forget=0.8947
[cider] ep 2 it 78 total=0.9931 comp=0.1084 dis=-0.0264 forget=0.9112
[cider] ep 2 it 79 total=0.9732 comp=0.1138 dis=-0.0412 forget=0.9006
[cider] ep 2 it 80 total=1.0122 comp=0.1225 dis=-0.0265 forget=0.9162
[cider] ep 2 it 81 total=0.9959 comp=0.1322 dis=-0.0366 forget=0.9003
[cider] ep 2 it 82 total=0.9531 comp=0.1249 dis=-0.0630 forget=0.8912
[cider] ep 2 it 83 total=0.9165 comp=0.0814 dis=-0.0587 forget=0.8938
[cider] ep 2 it 84 total=0.9980 comp=0.1167 dis=-0.0275 forget=0.9088
[cider] ep 2 it 85 total=0.9819 comp=0.1399 dis=-0.0589 forget=0.9009
[cider] ep 2 it 86 total=0.9939 comp=0.1205 dis=-0.0249 forget=0.8982
[cider] ep 2 it 87 total=0.9959 comp=0.0813 dis=-0.0148 forget=0.9295
[cider] ep 2 it 88 total=0.9232 comp=0.1028 dis=-0.0639 forget=0.8843
[cider] ep 2 it 89 total=1.0952 comp=0.1267 dis=0.0154 forget=0.9531
[cider] ep 2 it 90 total=1.0658 comp=0.1571 dis=-0.0021 forget=0.9108
[cider] ep 2 it 91 total=0.9635 comp=0.0802 dis=-0.0302 forget=0.9135
[cider] ep 2 it 92 total=0.9541 comp=0.1018 dis=-0.0395 forget=0.8918
[cider] ep 2 it 93 total=1.0117 comp=0.1450 dis=-0.0340 forget=0.9007
[cider] ep 2 it 94 total=0.9147 comp=0.0992 dis=-0.0708 forget=0.8863
[cider] ep 2 it 95 total=0.9723 comp=0.0980 dis=-0.0223 forget=0.8966
[cider] ep 2 it 96 total=0.9705 comp=0.0923 dis=-0.0272 forget=0.9054
[cider] ep 3 it 0 total=0.9642 comp=0.1091 dis=-0.0450 forget=0.9002
[cider] ep 3 it 1 total=0.9544 comp=0.1069 dis=-0.0487 forget=0.8962
[cider] ep 3 it 2 total=0.9623 comp=0.0868 dis=-0.0363 forget=0.9118
[cider] ep 3 it 3 total=0.9833 comp=0.1273 dis=-0.0327 forget=0.8887
[cider] ep 3 it 4 total=0.9763 comp=0.1102 dis=-0.0360 forget=0.9021
[cider] ep 3 it 5 total=1.0247 comp=0.1372 dis=-0.0102 forget=0.8977
[cider] ep 3 it 6 total=1.0509 comp=0.1174 dis=0.0252 forget=0.9083
[cider] ep 3 it 7 total=0.9346 comp=0.0927 dis=-0.0513 forget=0.8931
[cider] ep 3 it 8 total=1.0283 comp=0.1345 dis=-0.0266 forget=0.9204
[cider] ep 3 it 9 total=0.9968 comp=0.1125 dis=-0.0288 forget=0.9131
[cider] ep 3 it 10 total=0.9590 comp=0.1097 dis=-0.0475 forget=0.8967
[cider] ep 3 it 11 total=0.9785 comp=0.0963 dis=-0.0293 forget=0.9116
[cider] ep 3 it 12 total=0.9640 comp=0.1072 dis=-0.0413 forget=0.8981
[cider] ep 3 it 13 total=0.9904 comp=0.1264 dis=-0.0403 forget=0.9043
[cider] ep 3 it 14 total=0.9736 comp=0.1284 dis=-0.0496 forget=0.8949
[cider] ep 3 it 15 total=0.9674 comp=0.1291 dis=-0.0552 forget=0.8935
[cider] ep 3 it 16 total=0.9630 comp=0.1073 dis=-0.0340 forget=0.8896
[cider] ep 3 it 17 total=0.9840 comp=0.1391 dis=-0.0509 forget=0.8957
[cider] ep 3 it 18 total=0.9866 comp=0.1359 dis=-0.0503 forget=0.9010
[cider] ep 3 it 19 total=0.9459 comp=0.1084 dis=-0.0592 forget=0.8967
[cider] ep 3 it 20 total=0.9897 comp=0.1472 dis=-0.0481 forget=0.8906
[cider] ep 3 it 21 total=0.9646 comp=0.1286 dis=-0.0543 forget=0.8903
[cider] ep 3 it 22 total=0.9674 comp=0.1028 dis=-0.0361 forget=0.9007
[cider] ep 3 it 23 total=1.0128 comp=0.1290 dis=-0.0223 forget=0.9061
[cider] ep 3 it 24 total=0.9863 comp=0.1160 dis=-0.0291 forget=0.8993
[cider] ep 3 it 25 total=1.0154 comp=0.1211 dis=-0.0208 forget=0.9151
[cider] ep 3 it 26 total=1.0195 comp=0.1223 dis=-0.0180 forget=0.9152
[cider] ep 3 it 27 total=0.9342 comp=0.0932 dis=-0.0481 forget=0.8892
[cider] ep 3 it 28 total=0.9038 comp=0.0757 dis=-0.0555 forget=0.8837
[cider] ep 3 it 29 total=0.9896 comp=0.1155 dis=-0.0272 forget=0.9014
[cider] ep 3 it 30 total=0.9568 comp=0.1063 dis=-0.0469 forget=0.8974
[cider] ep 3 it 31 total=0.9267 comp=0.0785 dis=-0.0496 forget=0.8978
[cider] ep 3 it 32 total=0.9779 comp=0.1004 dis=-0.0265 forget=0.9041
[cider] ep 3 it 33 total=1.0210 comp=0.1573 dis=-0.0433 forget=0.9070
[cider] ep 3 it 34 total=1.0618 comp=0.1510 dis=-0.0109 forget=0.9218
[cider] ep 3 it 35 total=0.9518 comp=0.1155 dis=-0.0618 forget=0.8981
[cider] ep 3 it 36 total=0.9299 comp=0.0789 dis=-0.0507 forget=0.9018
[cider] ep 3 it 37 total=0.9904 comp=0.1101 dis=-0.0176 forget=0.8979
[cider] ep 3 it 38 total=0.9521 comp=0.1019 dis=-0.0400 forget=0.8902
[cider] ep 3 it 39 total=0.9704 comp=0.1114 dis=-0.0437 forget=0.9027
[cider] ep 3 it 40 total=0.9872 comp=0.1148 dis=-0.0384 forget=0.9108
[cider] ep 3 it 41 total=0.9491 comp=0.0815 dis=-0.0376 forget=0.9051
[cider] ep 3 it 42 total=0.9574 comp=0.0889 dis=-0.0339 forget=0.9023
[cider] ep 3 it 43 total=0.9564 comp=0.1002 dis=-0.0318 forget=0.8880
[cider] ep 3 it 44 total=0.9691 comp=0.1271 dis=-0.0589 forget=0.9008
[cider] ep 3 it 45 total=0.9676 comp=0.0960 dis=-0.0379 forget=0.9095
[cider] ep 3 it 46 total=0.9770 comp=0.1401 dis=-0.0615 forget=0.8984
[cider] ep 3 it 47 total=1.0348 comp=0.1590 dis=-0.0250 forget=0.9008
[cider] ep 3 it 48 total=1.0031 comp=0.1188 dis=-0.0226 forget=0.9070
[cider] ep 3 it 49 total=0.9419 comp=0.0894 dis=-0.0533 forget=0.9058
[cider] ep 3 it 50 total=0.9707 comp=0.1143 dis=-0.0567 forget=0.9131
[cider] ep 3 it 51 total=1.0026 comp=0.1070 dis=-0.0264 forget=0.9220
[cider] ep 3 it 52 total=0.9837 comp=0.1058 dis=-0.0397 forget=0.9175
[cider] ep 3 it 53 total=0.9947 comp=0.1689 dis=-0.0649 forget=0.8907
[cider] ep 3 it 54 total=0.9987 comp=0.1298 dis=-0.0325 forget=0.9014
[cider] ep 3 it 55 total=1.0132 comp=0.1371 dis=-0.0270 forget=0.9032
[cider] ep 3 it 56 total=1.0155 comp=0.1524 dis=-0.0389 forget=0.9020
[cider] ep 3 it 57 total=0.9913 comp=0.1389 dis=-0.0423 forget=0.8947
[cider] ep 3 it 58 total=0.9914 comp=0.1088 dis=-0.0333 forget=0.9159
[cider] ep 3 it 59 total=1.0272 comp=0.1559 dis=-0.0370 forget=0.9083
[cider] ep 3 it 60 total=0.9949 comp=0.1278 dis=-0.0238 forget=0.8909
[cider] ep 3 it 61 total=1.0316 comp=0.1617 dis=-0.0355 forget=0.9055
[cider] ep 3 it 62 total=0.9726 comp=0.1266 dis=-0.0479 forget=0.8940
[cider] ep 3 it 63 total=0.9887 comp=0.1576 dis=-0.0577 forget=0.8888
[cider] ep 3 it 64 total=1.1664 comp=0.1842 dis=0.0317 forget=0.9505
[cider] ep 3 it 65 total=1.0301 comp=0.1520 dis=-0.0307 forget=0.9089
[cider] ep 3 it 66 total=0.9976 comp=0.1025 dis=-0.0140 forget=0.9091
[cider] ep 3 it 67 total=1.0723 comp=0.1771 dis=0.0007 forget=0.8945
[cider] ep 3 it 68 total=1.0395 comp=0.1548 dis=-0.0176 forget=0.9023
[cider] ep 3 it 69 total=1.1286 comp=0.1730 dis=0.0247 forget=0.9309
[cider] ep 3 it 70 total=1.0462 comp=0.1431 dis=-0.0051 forget=0.9082
[cider] ep 3 it 71 total=1.1507 comp=0.1995 dis=0.0247 forget=0.9266
[cider] ep 3 it 72 total=1.1174 comp=0.2251 dis=-0.0169 forget=0.9092
[cider] ep 3 it 73 total=1.5925 comp=0.4675 dis=0.1726 forget=0.9525
[cider] ep 3 it 74 total=1.8154 comp=0.5212 dis=0.2855 forget=1.0087
[cider] ep 3 it 75 total=2.1675 comp=0.7726 dis=0.3558 forget=1.0391
[cider] ep 3 it 76 total=2.7254 comp=1.0092 dis=0.6043 forget=1.1119
[cider] ep 3 it 77 total=5.1219 comp=1.4837 dis=2.2545 forget=1.3837
[cider] ep 3 it 78 total=7.7879 comp=1.9389 dis=4.1850 forget=1.6641
[cider] ep 3 it 79 total=10.8806 comp=2.9338 dis=5.8859 forget=2.0609
[cider] ep 3 it 80 total=10.1559 comp=4.1291 dis=4.2887 forget=1.7381
[cider] ep 3 it 81 total=14.0959 comp=4.7284 dis=7.2420 forget=2.1255
[cider] ep 3 it 82 total=16.6101 comp=5.7820 dis=8.2355 forget=2.5926
[cider] ep 3 it 83 total=16.5833 comp=5.2823 dis=8.7426 forget=2.5584
[cider] ep 3 it 84 total=16.5173 comp=5.7626 dis=8.3418 forget=2.4128
[cider] ep 3 it 85 total=16.1202 comp=4.9365 dis=8.6471 forget=2.5365
[cider] ep 3 it 86 total=15.9489 comp=4.9810 dis=8.4590 forget=2.5089
[cider] ep 3 it 87 total=16.2295 comp=5.5895 dis=8.2465 forget=2.3935
[cider] ep 3 it 88 total=16.1010 comp=5.9271 dis=7.7713 forget=2.4025
[cider] ep 3 it 89 total=16.2639 comp=5.7666 dis=8.0216 forget=2.4757
[cider] ep 3 it 90 total=16.1778 comp=5.9663 dis=7.8442 forget=2.3674
[cider] ep 3 it 91 total=16.0550 comp=6.3253 dis=7.4869 forget=2.2428
[cider] ep 3 it 92 total=16.0229 comp=6.3902 dis=7.3743 forget=2.2584
[cider] ep 3 it 93 total=15.5300 comp=6.3564 dis=6.8750 forget=2.2986
[cider] ep 3 it 94 total=15.5646 comp=6.0662 dis=7.1925 forget=2.3058
[cider] ep 3 it 95 total=15.4465 comp=6.1018 dis=7.1017 forget=2.2430
[cider] ep 3 it 96 total=15.7427 comp=6.4782 dis=7.0274 forget=2.2371
[cider] ep 4 it 0 total=15.3254 comp=6.1307 dis=6.9889 forget=2.2059
[cider] ep 4 it 1 total=14.8990 comp=5.9872 dis=6.6870 forget=2.2248
[cider] ep 4 it 2 total=15.6048 comp=6.9220 dis=6.5293 forget=2.1535
[cider] ep 4 it 3 total=15.0577 comp=6.3869 dis=6.4648 forget=2.2060
[cider] ep 4 it 4 total=14.9048 comp=6.2375 dis=6.4583 forget=2.2090
[cider] ep 4 it 5 total=15.2904 comp=6.9379 dis=6.1535 forget=2.1990
[cider] ep 4 it 6 total=15.2663 comp=6.8208 dis=6.2548 forget=2.1907
[cider] ep 4 it 7 total=14.8007 comp=6.3021 dis=6.3348 forget=2.1638
[cider] ep 4 it 8 total=15.0796 comp=6.6925 dis=6.2396 forget=2.1476
[cider] ep 4 it 9 total=14.9855 comp=6.5612 dis=6.2242 forget=2.2000
[cider] ep 4 it 10 total=14.7750 comp=6.3909 dis=6.2296 forget=2.1544
[cider] ep 4 it 11 total=14.8354 comp=6.4280 dis=6.2012 forget=2.2062
[cider] ep 4 it 12 total=14.7335 comp=6.3644 dis=6.1504 forget=2.2186
[cider] ep 4 it 13 total=14.4873 comp=6.0479 dis=6.2481 forget=2.1913
[cider] ep 4 it 14 total=14.7718 comp=6.2859 dis=6.3059 forget=2.1800
[cider] ep 4 it 15 total=14.7898 comp=6.4318 dis=6.1841 forget=2.1738
[cider] ep 4 it 16 total=14.8349 comp=6.4072 dis=6.2771 forget=2.1506
[cider] ep 4 it 17 total=14.5087 comp=6.3849 dis=6.0077 forget=2.1162
[cider] ep 4 it 18 total=14.3024 comp=6.2374 dis=5.9355 forget=2.1295
[cider] ep 4 it 19 total=14.4039 comp=6.2061 dis=6.0520 forget=2.1458
[cider] ep 4 it 20 total=14.2417 comp=6.0096 dis=6.0795 forget=2.1525
[cider] ep 4 it 21 total=14.1719 comp=6.0246 dis=6.0081 forget=2.1392
[cider] ep 4 it 22 total=14.2550 comp=5.8662 dis=6.2158 forget=2.1730
[cider] ep 4 it 23 total=14.3043 comp=6.2181 dis=5.9339 forget=2.1524
[cider] ep 4 it 24 total=14.1624 comp=5.8426 dis=6.1556 forget=2.1643
[cider] ep 4 it 25 total=14.2792 comp=6.1510 dis=5.9883 forget=2.1399
[cider] ep 4 it 26 total=14.2680 comp=6.2527 dis=5.8866 forget=2.1287
[cider] ep 4 it 27 total=13.9460 comp=5.7815 dis=6.0350 forget=2.1294
[cider] ep 4 it 28 total=14.2629 comp=6.1306 dis=5.9768 forget=2.1554
[cider] ep 4 it 29 total=14.0567 comp=5.8784 dis=6.0338 forget=2.1445
[cider] ep 4 it 30 total=13.9884 comp=5.7439 dis=6.0747 forget=2.1698
[cider] ep 4 it 31 total=13.7083 comp=5.4711 dis=6.0539 forget=2.1832
[cider] ep 4 it 32 total=13.9762 comp=5.7820 dis=6.0260 forget=2.1682
[cider] ep 4 it 33 total=13.7749 comp=5.7033 dis=5.8960 forget=2.1756
[cider] ep 4 it 34 total=13.8670 comp=5.6720 dis=6.0404 forget=2.1546
[cider] ep 4 it 35 total=13.9419 comp=5.7475 dis=6.0417 forget=2.1526
[cider] ep 4 it 36 total=13.6650 comp=5.5506 dis=5.9711 forget=2.1432
[cider] ep 4 it 37 total=13.8514 comp=5.6979 dis=6.0196 forget=2.1339
[cider] ep 4 it 38 total=14.0393 comp=5.8609 dis=6.0636 forget=2.1147
[cider] ep 4 it 39 total=13.8466 comp=5.6429 dis=6.0731 forget=2.1306
[cider] ep 4 it 40 total=14.0993 comp=5.8839 dis=6.0726 forget=2.1428
[cider] ep 4 it 41 total=13.5253 comp=5.3793 dis=6.0278 forget=2.1182
[cider] ep 4 it 42 total=13.6062 comp=5.4405 dis=6.0257 forget=2.1401
[cider] ep 4 it 43 total=13.5133 comp=5.3809 dis=5.9735 forget=2.1589
[cider] ep 4 it 44 total=13.6622 comp=5.3485 dis=6.1386 forget=2.1751
[cider] ep 4 it 45 total=13.7034 comp=5.4619 dis=6.1047 forget=2.1368
[cider] ep 4 it 46 total=13.9048 comp=5.6596 dis=6.1039 forget=2.1414
[cider] ep 4 it 47 total=14.0586 comp=6.0113 dis=5.9118 forget=2.1355
[cider] ep 4 it 48 total=13.8851 comp=5.8850 dis=5.8674 forget=2.1327
[cider] ep 4 it 49 total=13.1733 comp=5.2966 dis=5.8045 forget=2.0722
[cider] ep 4 it 50 total=13.6615 comp=5.6372 dis=5.9188 forget=2.1054
[cider] ep 4 it 51 total=13.7192 comp=5.6866 dis=5.9172 forget=2.1154
[cider] ep 4 it 52 total=13.4020 comp=5.2930 dis=5.9902 forget=2.1188
[cider] ep 4 it 53 total=13.6882 comp=5.7916 dis=5.8019 forget=2.0947
[cider] ep 4 it 54 total=13.3921 comp=5.3912 dis=5.8964 forget=2.1045
[cider] ep 4 it 55 total=13.1019 comp=5.1820 dis=5.8053 forget=2.1146
[cider] ep 4 it 56 total=13.6306 comp=5.5934 dis=5.9292 forget=2.1080
[cider] ep 4 it 57 total=13.3007 comp=5.3121 dis=5.8726 forget=2.1160
[cider] ep 4 it 58 total=13.4514 comp=5.2828 dis=6.0290 forget=2.1396
[cider] ep 4 it 59 total=13.1741 comp=5.0975 dis=5.9738 forget=2.1028
[cider] ep 4 it 60 total=13.2377 comp=5.2712 dis=5.8782 forget=2.0883
[cider] ep 4 it 61 total=13.4388 comp=5.4384 dis=5.8906 forget=2.1098
[cider] ep 4 it 62 total=13.3038 comp=5.4323 dis=5.8031 forget=2.0684
[cider] ep 4 it 63 total=12.9586 comp=5.0280 dis=5.8510 forget=2.0796
[cider] ep 4 it 64 total=13.1181 comp=5.1664 dis=5.8779 forget=2.0738
[cider] ep 4 it 65 total=13.1112 comp=5.1552 dis=5.8850 forget=2.0710
[cider] ep 4 it 66 total=13.3039 comp=5.5110 dis=5.7197 forget=2.0732
[cider] ep 4 it 67 total=13.1877 comp=5.3205 dis=5.7556 forget=2.1116
[cider] ep 4 it 68 total=13.0986 comp=5.1193 dis=5.8738 forget=2.1055
[cider] ep 4 it 69 total=12.9764 comp=4.9768 dis=5.8911 forget=2.1084
[cider] ep 4 it 70 total=13.1317 comp=5.1375 dis=5.8994 forget=2.0948
[cider] ep 4 it 71 total=13.0621 comp=5.1264 dis=5.8441 forget=2.0916
[cider] ep 4 it 72 total=13.5148 comp=5.5312 dis=5.8882 forget=2.0955
[cider] ep 4 it 73 total=13.3064 comp=5.3594 dis=5.8596 forget=2.0874
[cider] ep 4 it 74 total=13.2771 comp=5.3558 dis=5.8326 forget=2.0886
[cider] ep 4 it 75 total=13.0934 comp=5.1512 dis=5.8485 forget=2.0937
[cider] ep 4 it 76 total=13.3020 comp=5.2848 dis=5.8953 forget=2.1219
[cider] ep 4 it 77 total=13.0890 comp=5.2243 dis=5.7763 forget=2.0884
[cider] ep 4 it 78 total=12.8507 comp=5.0189 dis=5.7794 forget=2.0524
[cider] ep 4 it 79 total=12.8604 comp=4.9518 dis=5.8371 forget=2.0715
[cider] ep 4 it 80 total=12.7935 comp=4.9161 dis=5.8113 forget=2.0660
[cider] ep 4 it 81 total=12.5914 comp=4.8242 dis=5.6932 forget=2.0741
[cider] ep 4 it 82 total=13.0387 comp=5.1621 dis=5.8153 forget=2.0612
[cider] ep 4 it 83 total=13.1469 comp=5.4221 dis=5.6695 forget=2.0553
[cider] ep 4 it 84 total=12.6034 comp=4.7713 dis=5.7903 forget=2.0418
[cider] ep 4 it 85 total=12.6566 comp=4.8903 dis=5.7292 forget=2.0371
[cider] ep 4 it 86 total=12.7912 comp=5.0258 dis=5.7276 forget=2.0377
[cider] ep 4 it 87 total=12.3534 comp=4.6638 dis=5.6361 forget=2.0536
[cider] ep 4 it 88 total=12.6829 comp=4.9188 dis=5.6993 forget=2.0647
[cider] ep 4 it 89 total=12.5983 comp=4.9913 dis=5.5776 forget=2.0294
[cider] ep 4 it 90 total=12.3530 comp=4.6738 dis=5.6288 forget=2.0504
[cider] ep 4 it 91 total=12.3406 comp=4.7734 dis=5.5324 forget=2.0348
[cider] ep 4 it 92 total=12.4885 comp=4.8711 dis=5.5874 forget=2.0301
[cider] ep 4 it 93 total=12.6293 comp=4.9299 dis=5.6757 forget=2.0238
[cider] ep 4 it 94 total=12.5952 comp=4.8579 dis=5.7166 forget=2.0207
[cider] ep 4 it 95 total=12.4606 comp=4.6743 dis=5.7734 forget=2.0129
[cider] ep 4 it 96 total=12.6525 comp=5.0622 dis=5.5804 forget=2.0099
[cider] ep 5 it 0 total=12.3811 comp=4.8151 dis=5.5523 forget=2.0137
[cider] ep 5 it 1 total=12.6247 comp=5.0144 dis=5.5804 forget=2.0300
[cider] ep 5 it 2 total=12.3046 comp=4.7984 dis=5.4465 forget=2.0596
[cider] ep 5 it 3 total=12.1330 comp=4.6192 dis=5.4995 forget=2.0143
[cider] ep 5 it 4 total=12.1458 comp=4.6754 dis=5.4165 forget=2.0540
[cider] ep 5 it 5 total=12.9294 comp=5.2977 dis=5.5918 forget=2.0399
[cider] ep 5 it 6 total=12.0786 comp=4.5784 dis=5.4700 forget=2.0301
[cider] ep 5 it 7 total=12.0375 comp=4.5919 dis=5.4282 forget=2.0175
[cider] ep 5 it 8 total=11.9532 comp=4.5511 dis=5.3884 forget=2.0136
[cider] ep 5 it 9 total=12.2194 comp=4.7830 dis=5.4159 forget=2.0205
[cider] ep 5 it 10 total=12.1164 comp=4.6066 dis=5.5351 forget=1.9746
[cider] ep 5 it 11 total=12.2935 comp=4.9317 dis=5.3603 forget=2.0015
[cider] ep 5 it 12 total=12.4417 comp=5.0485 dis=5.3902 forget=2.0030
[cider] ep 5 it 13 total=12.0112 comp=4.5064 dis=5.4797 forget=2.0251
[cider] ep 5 it 14 total=11.9026 comp=4.4421 dis=5.4475 forget=2.0131
[cider] ep 5 it 15 total=11.9731 comp=4.3986 dis=5.5686 forget=2.0059
[cider] ep 5 it 16 total=11.9678 comp=4.4677 dis=5.4520 forget=2.0481
[cider] ep 5 it 17 total=12.0107 comp=4.6228 dis=5.3849 forget=2.0029
[cider] ep 5 it 18 total=11.7674 comp=4.4224 dis=5.3483 forget=1.9966
[cider] ep 5 it 19 total=12.1152 comp=4.5861 dis=5.5372 forget=1.9920
[cider] ep 5 it 20 total=12.0323 comp=4.3596 dis=5.6307 forget=2.0421
[cider] ep 5 it 21 total=12.2969 comp=4.6177 dis=5.6576 forget=2.0216
[cider] ep 5 it 22 total=11.8817 comp=4.4567 dis=5.4101 forget=2.0149
[cider] ep 5 it 23 total=11.6247 comp=4.1624 dis=5.4502 forget=2.0121
[cider] ep 5 it 24 total=12.0956 comp=4.7146 dis=5.3627 forget=2.0184
[cider] ep 5 it 25 total=12.0958 comp=4.5641 dis=5.5101 forget=2.0217
[cider] ep 5 it 26 total=12.1390 comp=4.5164 dis=5.6176 forget=2.0050
[cider] ep 5 it 27 total=11.9386 comp=4.5845 dis=5.3733 forget=1.9808
[cider] ep 5 it 28 total=11.8850 comp=4.4367 dis=5.4510 forget=1.9973
[cider] ep 5 it 29 total=11.7254 comp=4.3245 dis=5.4014 forget=1.9995
[cider] ep 5 it 30 total=11.8426 comp=4.3622 dis=5.4978 forget=1.9826
[cider] ep 5 it 31 total=11.7231 comp=4.3959 dis=5.3546 forget=1.9726
[cider] ep 5 it 32 total=11.5829 comp=4.2541 dis=5.3555 forget=1.9733
[cider] ep 5 it 33 total=11.7027 comp=4.4461 dis=5.2832 forget=1.9734
[cider] ep 5 it 34 total=11.4615 comp=4.1739 dis=5.3003 forget=1.9872
[cider] ep 5 it 35 total=12.0070 comp=4.8741 dis=5.1652 forget=1.9677
[cider] ep 5 it 36 total=11.6567 comp=4.3803 dis=5.3209 forget=1.9556
[cider] ep 5 it 37 total=11.5320 comp=4.2315 dis=5.3529 forget=1.9476
[cider] ep 5 it 38 total=11.6425 comp=4.2218 dis=5.4267 forget=1.9941
[cider] ep 5 it 39 total=11.5927 comp=4.2783 dis=5.3108 forget=2.0036
[cider] ep 5 it 40 total=11.7346 comp=4.6077 dis=5.1507 forget=1.9762
[cider] ep 5 it 41 total=11.5767 comp=4.2913 dis=5.3168 forget=1.9686
[cider] ep 5 it 42 total=11.4019 comp=4.2091 dis=5.2379 forget=1.9549
[cider] ep 5 it 43 total=11.3750 comp=4.2637 dis=5.1381 forget=1.9732
[cider] ep 5 it 44 total=11.5880 comp=4.3320 dis=5.3150 forget=1.9409
[cider] ep 5 it 45 total=11.3339 comp=4.1111 dis=5.2480 forget=1.9748
[cider] ep 5 it 46 total=11.2352 comp=4.0227 dis=5.2568 forget=1.9557
[cider] ep 5 it 47 total=11.7281 comp=4.4572 dis=5.3011 forget=1.9699
[cider] ep 5 it 48 total=11.6052 comp=4.5209 dis=5.1411 forget=1.9432
[cider] ep 5 it 49 total=11.2236 comp=4.0395 dis=5.2098 forget=1.9743
[cider] ep 5 it 50 total=11.4618 comp=4.3764 dis=5.1353 forget=1.9500
[cider] ep 5 it 51 total=10.9756 comp=4.1577 dis=4.8883 forget=1.9296
[cider] ep 5 it 52 total=11.0942 comp=4.0988 dis=5.0660 forget=1.9294
[cider] ep 5 it 53 total=11.4454 comp=4.3251 dis=5.1565 forget=1.9637
[cider] ep 5 it 54 total=11.2386 comp=4.2881 dis=4.9792 forget=1.9713
[cider] ep 5 it 55 total=11.1438 comp=4.1600 dis=5.0622 forget=1.9215
[cider] ep 5 it 56 total=11.0568 comp=3.9815 dis=5.1006 forget=1.9748
[cider] ep 5 it 57 total=10.9166 comp=3.8839 dis=5.0800 forget=1.9526
[cider] ep 5 it 58 total=11.4542 comp=4.3925 dis=5.1056 forget=1.9561
[cider] ep 5 it 59 total=10.9811 comp=3.9945 dis=5.0250 forget=1.9615
[cider] ep 5 it 60 total=10.8672 comp=3.9056 dis=4.9896 forget=1.9719
[cider] ep 5 it 61 total=11.0173 comp=4.1180 dis=4.9956 forget=1.9037
[cider] ep 5 it 62 total=11.2847 comp=4.2127 dis=5.1288 forget=1.9432
[cider] ep 5 it 63 total=10.9145 comp=3.9634 dis=4.9860 forget=1.9651
[cider] ep 5 it 64 total=11.1994 comp=4.2680 dis=4.9986 forget=1.9329
[cider] ep 5 it 65 total=10.9347 comp=3.8780 dis=5.1245 forget=1.9322
[cider] ep 5 it 66 total=11.0069 comp=4.0136 dis=5.0820 forget=1.9113
[cider] ep 5 it 67 total=10.7063 comp=3.8010 dis=4.9909 forget=1.9144
[cider] ep 5 it 68 total=10.7865 comp=3.9339 dis=4.9505 forget=1.9021
[cider] ep 5 it 69 total=10.9924 comp=4.1479 dis=4.9333 forget=1.9111
[cider] ep 5 it 70 total=10.9892 comp=4.1573 dis=4.9156 forget=1.9163
[cider] ep 5 it 71 total=11.0603 comp=4.0829 dis=5.0504 forget=1.9270
[cider] ep 5 it 72 total=10.7156 comp=3.8105 dis=4.9754 forget=1.9297
[cider] ep 5 it 73 total=10.9350 comp=4.1849 dis=4.8803 forget=1.8698
[cider] ep 5 it 74 total=10.9706 comp=4.0708 dis=5.0020 forget=1.8978
[cider] ep 5 it 75 total=10.9672 comp=4.0965 dis=4.9853 forget=1.8854
[cider] ep 5 it 76 total=10.7991 comp=4.0384 dis=4.8832 forget=1.8775
[cider] ep 5 it 77 total=10.9945 comp=4.1271 dis=4.9559 forget=1.9116
[cider] ep 5 it 78 total=10.7704 comp=3.9967 dis=4.8787 forget=1.8950
[cider] ep 5 it 79 total=11.4418 comp=4.5418 dis=4.9887 forget=1.9112
[cider] ep 5 it 80 total=10.8220 comp=3.9224 dis=4.9554 forget=1.9442
[cider] ep 5 it 81 total=11.1049 comp=4.2217 dis=4.9602 forget=1.9230
[cider] ep 5 it 82 total=10.9444 comp=4.0145 dis=4.9895 forget=1.9404
[cider] ep 5 it 83 total=10.8576 comp=3.9093 dis=5.0560 forget=1.8923
[cider] ep 5 it 84 total=10.7752 comp=3.9910 dis=4.8863 forget=1.8980
[cider] ep 5 it 85 total=11.0652 comp=3.9777 dis=5.1396 forget=1.9480
[cider] ep 5 it 86 total=10.9545 comp=4.0824 dis=4.9646 forget=1.9074
[cider] ep 5 it 87 total=10.8008 comp=3.9123 dis=4.9586 forget=1.9299
[cider] ep 5 it 88 total=11.2192 comp=4.3623 dis=4.9334 forget=1.9235
[cider] ep 5 it 89 total=10.5567 comp=3.8489 dis=4.7953 forget=1.9126
[cider] ep 5 it 90 total=10.9429 comp=4.1605 dis=4.8672 forget=1.9151
[cider] ep 5 it 91 total=11.0977 comp=4.2171 dis=4.9451 forget=1.9355
[cider] ep 5 it 92 total=10.9350 comp=4.1103 dis=4.9252 forget=1.8995
[cider] ep 5 it 93 total=10.9305 comp=4.1647 dis=4.8759 forget=1.8900
[cider] ep 5 it 94 total=10.7137 comp=3.8986 dis=4.9403 forget=1.8748
[cider] ep 5 it 95 total=10.7443 comp=3.9824 dis=4.8420 forget=1.9199
[cider] ep 5 it 96 total=10.6756 comp=3.8080 dis=4.9614 forget=1.9062
[cider] ep 6 it 0 total=10.9949 comp=4.0740 dis=5.0300 forget=1.8909
[cider] ep 6 it 1 total=11.0516 comp=4.1470 dis=5.0115 forget=1.8931
[cider] ep 6 it 2 total=10.8124 comp=3.8741 dis=5.0469 forget=1.8913
[cider] ep 6 it 3 total=10.7525 comp=3.8402 dis=5.0126 forget=1.8998
[cider] ep 6 it 4 total=10.6975 comp=3.7485 dis=5.0293 forget=1.9198
[cider] ep 6 it 5 total=10.7580 comp=3.9977 dis=4.9156 forget=1.8448
[cider] ep 6 it 6 total=10.7716 comp=3.8702 dis=4.9921 forget=1.9092
[cider] ep 6 it 7 total=10.4387 comp=3.6770 dis=4.9004 forget=1.8613
[cider] ep 6 it 8 total=10.8204 comp=3.9696 dis=4.9556 forget=1.8952
[cider] ep 6 it 9 total=10.5627 comp=3.7656 dis=4.8795 forget=1.9176
[cider] ep 6 it 10 total=10.7448 comp=3.9693 dis=4.8644 forget=1.9111
[cider] ep 6 it 11 total=10.6843 comp=3.8802 dis=4.9311 forget=1.8731
[cider] ep 6 it 12 total=10.4372 comp=3.7044 dis=4.8271 forget=1.9057
[cider] ep 6 it 13 total=10.6358 comp=3.8041 dis=4.9216 forget=1.9101
[cider] ep 6 it 14 total=10.6831 comp=3.7200 dis=5.0557 forget=1.9074
[cider] ep 6 it 15 total=10.9523 comp=4.0324 dis=4.9986 forget=1.9212
[cider] ep 6 it 16 total=11.0180 comp=4.1721 dis=4.8770 forget=1.9689
[cider] ep 6 it 17 total=11.1453 comp=4.3889 dis=4.8442 forget=1.9121
[cider] ep 6 it 18 total=10.6294 comp=3.8601 dis=4.9142 forget=1.8552
[cider] ep 6 it 19 total=10.2255 comp=3.4435 dis=4.9034 forget=1.8787
[cider] ep 6 it 20 total=10.6492 comp=3.8123 dis=4.9464 forget=1.8905
[cider] ep 6 it 21 total=10.8138 comp=3.8910 dis=5.0343 forget=1.8884
[cider] ep 6 it 22 total=11.1175 comp=4.2464 dis=4.9599 forget=1.9112
[cider] ep 6 it 23 total=10.7145 comp=3.8681 dis=4.9517 forget=1.8947
[cider] ep 6 it 24 total=10.8254 comp=3.9713 dis=4.9537 forget=1.9003
[cider] ep 6 it 25 total=11.0538 comp=4.1269 dis=5.0261 forget=1.9008
[cider] ep 6 it 26 total=10.8028 comp=4.1109 dis=4.7963 forget=1.8956
[cider] ep 6 it 27 total=10.6092 comp=3.8553 dis=4.8789 forget=1.8750
[cider] ep 6 it 28 total=10.6430 comp=3.9898 dis=4.7556 forget=1.8976
[cider] ep 6 it 29 total=10.6277 comp=3.8661 dis=4.8879 forget=1.8738
[cider] ep 6 it 30 total=10.8362 comp=4.0575 dis=4.8701 forget=1.9087
[cider] ep 6 it 31 total=10.6327 comp=3.9259 dis=4.8178 forget=1.8890
[cider] ep 6 it 32 total=10.5007 comp=3.8860 dis=4.7444 forget=1.8703
[cider] ep 6 it 33 total=10.5138 comp=3.8506 dis=4.7494 forget=1.9138
[cider] ep 6 it 34 total=10.5009 comp=3.6997 dis=4.8823 forget=1.9189
[cider] ep 6 it 35 total=10.6469 comp=3.8356 dis=4.9321 forget=1.8792
[cider] ep 6 it 36 total=10.8912 comp=4.1449 dis=4.8586 forget=1.8877
[cider] ep 6 it 37 total=10.8293 comp=4.1275 dis=4.7946 forget=1.9072
[cider] ep 6 it 38 total=10.7460 comp=3.7958 dis=5.0516 forget=1.8986
[cider] ep 6 it 39 total=10.3889 comp=3.5983 dis=4.8795 forget=1.9111
[cider] ep 6 it 40 total=10.8194 comp=4.0725 dis=4.8280 forget=1.9188
[cider] ep 6 it 41 total=10.6698 comp=3.9100 dis=4.8954 forget=1.8644
[cider] ep 6 it 42 total=10.3972 comp=3.6904 dis=4.8543 forget=1.8525
[cider] ep 6 it 43 total=10.7757 comp=3.8243 dis=5.0804 forget=1.8710
[cider] ep 6 it 44 total=10.5268 comp=3.7993 dis=4.8611 forget=1.8665
[cider] ep 6 it 45 total=10.5608 comp=3.7083 dis=4.9681 forget=1.8844
[cider] ep 6 it 46 total=10.5690 comp=3.7500 dis=4.9124 forget=1.9066
[cider] ep 6 it 47 total=10.4553 comp=3.6738 dis=4.9213 forget=1.8602
[cider] ep 6 it 48 total=10.6232 comp=3.7297 dis=4.9918 forget=1.9017
[cider] ep 6 it 49 total=10.5561 comp=3.7371 dis=4.9029 forget=1.9160
[cider] ep 6 it 50 total=10.4958 comp=3.7543 dis=4.8804 forget=1.8611
[cider] ep 6 it 51 total=10.6192 comp=3.9424 dis=4.8192 forget=1.8576
[cider] ep 6 it 52 total=10.7520 comp=3.9701 dis=4.8811 forget=1.9007
[cider] ep 6 it 53 total=10.5619 comp=3.8257 dis=4.8497 forget=1.8865
[cider] ep 6 it 54 total=10.4990 comp=3.8521 dis=4.7748 forget=1.8721
[cider] ep 6 it 55 total=10.2443 comp=3.5687 dis=4.8432 forget=1.8324
[cider] ep 6 it 56 total=10.4020 comp=3.6645 dis=4.8258 forget=1.9118
[cider] ep 6 it 57 total=10.2164 comp=3.4291 dis=4.9328 forget=1.8545
[cider] ep 6 it 58 total=10.7291 comp=3.9114 dis=4.9289 forget=1.8888
[cider] ep 6 it 59 total=10.4846 comp=3.5498 dis=5.0381 forget=1.8966
[cider] ep 6 it 60 total=10.2745 comp=3.6012 dis=4.7944 forget=1.8788
[cider] ep 6 it 61 total=10.4860 comp=3.7608 dis=4.8335 forget=1.8916
[cider] ep 6 it 62 total=10.2184 comp=3.6251 dis=4.7316 forget=1.8618
[cider] ep 6 it 63 total=10.6100 comp=3.9681 dis=4.7917 forget=1.8502
[cider] ep 6 it 64 total=10.5030 comp=3.7734 dis=4.8475 forget=1.8821
[cider] ep 6 it 65 total=10.1019 comp=3.5232 dis=4.7177 forget=1.8610
[cider] ep 6 it 66 total=10.4407 comp=3.6367 dis=4.9271 forget=1.8770
[cider] ep 6 it 67 total=10.7264 comp=3.8638 dis=4.9787 forget=1.8838
[cider] ep 6 it 68 total=10.2635 comp=3.5747 dis=4.8655 forget=1.8233
[cider] ep 6 it 69 total=10.3193 comp=3.5577 dis=4.8660 forget=1.8956
[cider] ep 6 it 70 total=10.3042 comp=3.4393 dis=4.9845 forget=1.8804
[cider] ep 6 it 71 total=10.3761 comp=3.6008 dis=4.8979 forget=1.8775
[cider] ep 6 it 72 total=10.4855 comp=3.6258 dis=4.9582 forget=1.9015
[cider] ep 6 it 73 total=10.3710 comp=3.5459 dis=4.9166 forget=1.9085
[cider] ep 6 it 74 total=10.7725 comp=3.8042 dis=5.0423 forget=1.9260
[cider] ep 6 it 75 total=10.4866 comp=3.5417 dis=5.0467 forget=1.8983
[cider] ep 6 it 76 total=10.2677 comp=3.5644 dis=4.8415 forget=1.8618
[cider] ep 6 it 77 total=10.2686 comp=3.5099 dis=4.9180 forget=1.8407
[cider] ep 6 it 78 total=10.4974 comp=3.6753 dis=4.9406 forget=1.8815
[cider] ep 6 it 79 total=10.4757 comp=3.6391 dis=4.9137 forget=1.9228
[cider] ep 6 it 80 total=10.0916 comp=3.3775 dis=4.8190 forget=1.8951
[cider] ep 6 it 81 total=10.1312 comp=3.4891 dis=4.8223 forget=1.8198
[cider] ep 6 it 82 total=10.1442 comp=3.3938 dis=4.8923 forget=1.8580
[cider] ep 6 it 83 total=10.2834 comp=3.6585 dis=4.7879 forget=1.8369
[cider] ep 6 it 84 total=10.1254 comp=3.6082 dis=4.6620 forget=1.8552
[cider] ep 6 it 85 total=10.5407 comp=3.7824 dis=4.9208 forget=1.8375
[cider] ep 6 it 86 total=10.2109 comp=3.5218 dis=4.8222 forget=1.8670
[cider] ep 6 it 87 total=10.2674 comp=3.4609 dis=4.9101 forget=1.8964
[cider] ep 6 it 88 total=10.4120 comp=3.5730 dis=4.9394 forget=1.8996
[cider] ep 6 it 89 total=10.4962 comp=3.8769 dis=4.8241 forget=1.7952
[cider] ep 6 it 90 total=10.3691 comp=3.6872 dis=4.8327 forget=1.8493
[cider] ep 6 it 91 total=10.2461 comp=3.5554 dis=4.8454 forget=1.8453
[cider] ep 6 it 92 total=10.0974 comp=3.5322 dis=4.7173 forget=1.8480
[cider] ep 6 it 93 total=10.3538 comp=3.6021 dis=4.8748 forget=1.8769
[cider] ep 6 it 94 total=10.0747 comp=3.3205 dis=4.8902 forget=1.8640
[cider] ep 6 it 95 total=10.2483 comp=3.5909 dis=4.8062 forget=1.8512
[cider] ep 6 it 96 total=10.5090 comp=3.7568 dis=4.8730 forget=1.8792
[cider] ep 7 it 0 total=10.8051 comp=3.9551 dis=4.9534 forget=1.8967
[cider] ep 7 it 1 total=10.4648 comp=3.7725 dis=4.8327 forget=1.8596
[cider] ep 7 it 2 total=10.4812 comp=3.7646 dis=4.8357 forget=1.8809
[cider] ep 7 it 3 total=10.5681 comp=3.8722 dis=4.8096 forget=1.8863
[cider] ep 7 it 4 total=10.4500 comp=3.7311 dis=4.8560 forget=1.8630
[cider] ep 7 it 5 total=10.2374 comp=3.5292 dis=4.8394 forget=1.8688
[cider] ep 7 it 6 total=10.1265 comp=3.5005 dis=4.7811 forget=1.8449
[cider] ep 7 it 7 total=10.5180 comp=3.6500 dis=4.9999 forget=1.8682
[cider] ep 7 it 8 total=10.2147 comp=3.5619 dis=4.7738 forget=1.8790
[cider] ep 7 it 9 total=10.5166 comp=3.6902 dis=4.9501 forget=1.8763
[cider] ep 7 it 10 total=10.2506 comp=3.5165 dis=4.9061 forget=1.8280
[cider] ep 7 it 11 total=10.7776 comp=3.9423 dis=4.9579 forget=1.8775
[cider] ep 7 it 12 total=10.2214 comp=3.5975 dis=4.7620 forget=1.8619
[cider] ep 7 it 13 total=10.4590 comp=3.7386 dis=4.8426 forget=1.8778
[cider] ep 7 it 14 total=10.2539 comp=3.4806 dis=4.8817 forget=1.8916
[cider] ep 7 it 15 total=10.4088 comp=3.5628 dis=4.9619 forget=1.8841
[cider] ep 7 it 16 total=10.3981 comp=3.6718 dis=4.8727 forget=1.8535
[cider] ep 7 it 17 total=10.3677 comp=3.7338 dis=4.7841 forget=1.8497
[cider] ep 7 it 18 total=10.3504 comp=3.6179 dis=4.8535 forget=1.8790
[cider] ep 7 it 19 total=10.1552 comp=3.5064 dis=4.7769 forget=1.8719
[cider] ep 7 it 20 total=9.9601 comp=3.3704 dis=4.7439 forget=1.8458
[cider] ep 7 it 21 total=10.2475 comp=3.4941 dis=4.9393 forget=1.8140
[cider] ep 7 it 22 total=10.0024 comp=3.3247 dis=4.8207 forget=1.8570
[cider] ep 7 it 23 total=10.0990 comp=3.4446 dis=4.7815 forget=1.8729
[cider] ep 7 it 24 total=10.2280 comp=3.5108 dis=4.8561 forget=1.8611
[cider] ep 7 it 25 total=10.3770 comp=3.5969 dis=4.8835 forget=1.8966
[cider] ep 7 it 26 total=10.4937 comp=3.6317 dis=5.0012 forget=1.8607
[cider] ep 7 it 27 total=10.2515 comp=3.4713 dis=4.8999 forget=1.8803
[cider] ep 7 it 28 total=10.1329 comp=3.3666 dis=4.9407 forget=1.8255
[cider] ep 7 it 29 total=9.8342 comp=3.2750 dis=4.7212 forget=1.8380
[cider] ep 7 it 30 total=10.2157 comp=3.5186 dis=4.8328 forget=1.8643
[cider] ep 7 it 31 total=10.3969 comp=3.5901 dis=4.9192 forget=1.8875
[cider] ep 7 it 32 total=10.4006 comp=3.7183 dis=4.7849 forget=1.8974
[cider] ep 7 it 33 total=10.6072 comp=3.8241 dis=4.8924 forget=1.8908
[cider] ep 7 it 34 total=10.3959 comp=3.5117 dis=4.9677 forget=1.9165
[cider] ep 7 it 35 total=10.3511 comp=3.6097 dis=4.9005 forget=1.8409
[cider] ep 7 it 36 total=10.1636 comp=3.4488 dis=4.8567 forget=1.8581
[cider] ep 7 it 37 total=10.4667 comp=3.5447 dis=5.0126 forget=1.9094
[cider] ep 7 it 38 total=10.0160 comp=3.2824 dis=4.8618 forget=1.8718
[cider] ep 7 it 39 total=10.4734 comp=3.7900 dis=4.8412 forget=1.8421
[cider] ep 7 it 40 total=10.4153 comp=3.7735 dis=4.7898 forget=1.8520
[cider] ep 7 it 41 total=10.1091 comp=3.3742 dis=4.8717 forget=1.8632
[cider] ep 7 it 42 total=10.0691 comp=3.4060 dis=4.8246 forget=1.8385
[cider] ep 7 it 43 total=9.8314 comp=3.3274 dis=4.6716 forget=1.8324
[cider] ep 7 it 44 total=9.9765 comp=3.3073 dis=4.8178 forget=1.8514
[cider] ep 7 it 45 total=9.8208 comp=3.3195 dis=4.6571 forget=1.8442
[cider] ep 7 it 46 total=10.1266 comp=3.4993 dis=4.7759 forget=1.8514
[cider] ep 7 it 47 total=10.2411 comp=3.5801 dis=4.7788 forget=1.8822
[cider] ep 7 it 48 total=10.0682 comp=3.2562 dis=4.9213 forget=1.8906
[cider] ep 7 it 49 total=10.0185 comp=3.2993 dis=4.8574 forget=1.8618
[cider] ep 7 it 50 total=10.0703 comp=3.4284 dis=4.7522 forget=1.8897
[cider] ep 7 it 51 total=10.2912 comp=3.5054 dis=4.8959 forget=1.8899
[cider] ep 7 it 52 total=10.1565 comp=3.2356 dis=5.0266 forget=1.8942
[cider] ep 7 it 53 total=10.0895 comp=3.3404 dis=4.8494 forget=1.8997
[cider] ep 7 it 54 total=9.9221 comp=3.1457 dis=4.9200 forget=1.8564
[cider] ep 7 it 55 total=10.0831 comp=3.3920 dis=4.8328 forget=1.8583
[cider] ep 7 it 56 total=10.1042 comp=3.4053 dis=4.8193 forget=1.8795
[cider] ep 7 it 57 total=9.8119 comp=3.1513 dis=4.7744 forget=1.8863
[cider] ep 7 it 58 total=10.4944 comp=3.7465 dis=4.8695 forget=1.8784
[cider] ep 7 it 59 total=9.9258 comp=3.3379 dis=4.7421 forget=1.8458
[cider] ep 7 it 60 total=10.1369 comp=3.4042 dis=4.8760 forget=1.8567
[cider] ep 7 it 61 total=10.0879 comp=3.2353 dis=4.9884 forget=1.8643
[cider] ep 7 it 62 total=10.3109 comp=3.5746 dis=4.8874 forget=1.8490
[cider] ep 7 it 63 total=10.0825 comp=3.3966 dis=4.8028 forget=1.8830
[cider] ep 7 it 64 total=9.8326 comp=3.1959 dis=4.7868 forget=1.8499
[cider] ep 7 it 65 total=10.3005 comp=3.6095 dis=4.8161 forget=1.8749
[cider] ep 7 it 66 total=10.2516 comp=3.4890 dis=4.8848 forget=1.8778
[cider] ep 7 it 67 total=10.1012 comp=3.5204 dis=4.7010 forget=1.8799
[cider] ep 7 it 68 total=9.9348 comp=3.1531 dis=4.9311 forget=1.8506
[cider] ep 7 it 69 total=10.0941 comp=3.3529 dis=4.8688 forget=1.8724
[cider] ep 7 it 70 total=10.0247 comp=3.2955 dis=4.8580 forget=1.8712
[cider] ep 7 it 71 total=9.8570 comp=3.3232 dis=4.7113 forget=1.8225
[cider] ep 7 it 72 total=9.9506 comp=3.3545 dis=4.7516 forget=1.8445
[cider] ep 7 it 73 total=10.4070 comp=3.6438 dis=4.8560 forget=1.9073
[cider] ep 7 it 74 total=10.0631 comp=3.2881 dis=4.8933 forget=1.8817
[cider] ep 7 it 75 total=9.7365 comp=3.2069 dis=4.6756 forget=1.8540
[cider] ep 7 it 76 total=9.8907 comp=3.2490 dis=4.7680 forget=1.8737
[cider] ep 7 it 77 total=10.0460 comp=3.2735 dis=4.8977 forget=1.8749
[cider] ep 7 it 78 total=10.0693 comp=3.3041 dis=4.8614 forget=1.9039
[cider] ep 7 it 79 total=9.9048 comp=3.3518 dis=4.6662 forget=1.8867
[cider] ep 7 it 80 total=10.3151 comp=3.5928 dis=4.8537 forget=1.8686
[cider] ep 7 it 81 total=10.1778 comp=3.4571 dis=4.8730 forget=1.8478
[cider] ep 7 it 82 total=10.0265 comp=3.3464 dis=4.8060 forget=1.8741
[cider] ep 7 it 83 total=9.8429 comp=3.1183 dis=4.8557 forget=1.8689
[cider] ep 7 it 84 total=9.9051 comp=3.1632 dis=4.8826 forget=1.8592
[cider] ep 7 it 85 total=9.9512 comp=3.2480 dis=4.8384 forget=1.8648
[cider] ep 7 it 86 total=10.2145 comp=3.5325 dis=4.8190 forget=1.8630
[cider] ep 7 it 87 total=10.0928 comp=3.4198 dis=4.8464 forget=1.8267
[cider] ep 7 it 88 total=9.6408 comp=3.0387 dis=4.7585 forget=1.8436
[cider] ep 7 it 89 total=9.8780 comp=3.2887 dis=4.7597 forget=1.8297
[cider] ep 7 it 90 total=10.1007 comp=3.4680 dis=4.7825 forget=1.8503
[cider] ep 7 it 91 total=10.0991 comp=3.4498 dis=4.7964 forget=1.8530
[cider] ep 7 it 92 total=9.7690 comp=3.1562 dis=4.7497 forget=1.8632
[cider] ep 7 it 93 total=9.8168 comp=3.1937 dis=4.8118 forget=1.8113
[cider] ep 7 it 94 total=10.1399 comp=3.3048 dis=4.9533 forget=1.8818
[cider] ep 7 it 95 total=9.9003 comp=3.2013 dis=4.8470 forget=1.8520
[cider] ep 7 it 96 total=9.9691 comp=3.3709 dis=4.7559 forget=1.8424
[cider] ep 8 it 0 total=9.7557 comp=3.1211 dis=4.7605 forget=1.8741
[cider] ep 8 it 1 total=9.8070 comp=3.1057 dis=4.8593 forget=1.8421
[cider] ep 8 it 2 total=9.7641 comp=3.2178 dis=4.7499 forget=1.7965
[cider] ep 8 it 3 total=10.1251 comp=3.4248 dis=4.8754 forget=1.8250
[cider] ep 8 it 4 total=9.8246 comp=3.2660 dis=4.7077 forget=1.8508
[cider] ep 8 it 5 total=9.9779 comp=3.2222 dis=4.8503 forget=1.9054
[cider] ep 8 it 6 total=9.7449 comp=2.9919 dis=4.8702 forget=1.8829
[cider] ep 8 it 7 total=9.9508 comp=3.2745 dis=4.8180 forget=1.8583
[cider] ep 8 it 8 total=10.0282 comp=3.3147 dis=4.8269 forget=1.8865
[cider] ep 8 it 9 total=10.1020 comp=3.4048 dis=4.7974 forget=1.8997
[cider] ep 8 it 10 total=9.8076 comp=3.0487 dis=4.9104 forget=1.8485
[cider] ep 8 it 11 total=9.6497 comp=2.9978 dis=4.7961 forget=1.8558
[cider] ep 8 it 12 total=9.8576 comp=3.1577 dis=4.8069 forget=1.8930
[cider] ep 8 it 13 total=9.7483 comp=3.1328 dis=4.7876 forget=1.8279
[cider] ep 8 it 14 total=9.8293 comp=3.1845 dis=4.7784 forget=1.8663
[cider] ep 8 it 15 total=9.9018 comp=3.0884 dis=4.9387 forget=1.8748
[cider] ep 8 it 16 total=9.9855 comp=3.0993 dis=5.0056 forget=1.8806
[cider] ep 8 it 17 total=9.8528 comp=3.1917 dis=4.7680 forget=1.8930
[cider] ep 8 it 18 total=9.9771 comp=3.1608 dis=4.9623 forget=1.8540
[cider] ep 8 it 19 total=9.6969 comp=2.9851 dis=4.8834 forget=1.8285
[cider] ep 8 it 20 total=9.6704 comp=3.1321 dis=4.7133 forget=1.8251
[cider] ep 8 it 21 total=9.7591 comp=3.0563 dis=4.8467 forget=1.8561
[cider] ep 8 it 22 total=9.7397 comp=3.1201 dis=4.7657 forget=1.8540
[cider] ep 8 it 23 total=9.8584 comp=3.2808 dis=4.7141 forget=1.8636
[cider] ep 8 it 24 total=9.8016 comp=3.1835 dis=4.7589 forget=1.8592
[cider] ep 8 it 25 total=9.9184 comp=3.1274 dis=4.9207 forget=1.8703
[cider] ep 8 it 26 total=9.8897 comp=3.3568 dis=4.6929 forget=1.8401
[cider] ep 8 it 27 total=9.8797 comp=3.2722 dis=4.6902 forget=1.9173
[cider] ep 8 it 28 total=9.9100 comp=3.1559 dis=4.8868 forget=1.8673
[cider] ep 8 it 29 total=10.0143 comp=3.1759 dis=4.9791 forget=1.8593
[cider] ep 8 it 30 total=9.9500 comp=3.2953 dis=4.8145 forget=1.8402
[cider] ep 8 it 31 total=9.6736 comp=2.9243 dis=4.9175 forget=1.8318
[cider] ep 8 it 32 total=9.6485 comp=3.0489 dis=4.7502 forget=1.8493
[cider] ep 8 it 33 total=9.6153 comp=2.9773 dis=4.8047 forget=1.8333
[cider] ep 8 it 34 total=9.5313 comp=2.9818 dis=4.7423 forget=1.8072
[cider] ep 8 it 35 total=9.7723 comp=3.1001 dis=4.8053 forget=1.8669
[cider] ep 8 it 36 total=9.7936 comp=3.1885 dis=4.7051 forget=1.9000
[cider] ep 8 it 37 total=9.7356 comp=3.0610 dis=4.8035 forget=1.8712
[cider] ep 8 it 38 total=9.5222 comp=3.0067 dis=4.6976 forget=1.8179
[cider] ep 8 it 39 total=9.7296 comp=3.0963 dis=4.7775 forget=1.8558
[cider] ep 8 it 40 total=9.9090 comp=3.2858 dis=4.7765 forget=1.8467
[cider] ep 8 it 41 total=9.6947 comp=2.9726 dis=4.8364 forget=1.8857
[cider] ep 8 it 42 total=9.6482 comp=2.9558 dis=4.8479 forget=1.8446
[cider] ep 8 it 43 total=9.7259 comp=3.1407 dis=4.7650 forget=1.8202
[cider] ep 8 it 44 total=9.8113 comp=3.2030 dis=4.7596 forget=1.8487
[cider] ep 8 it 45 total=9.9939 comp=3.3084 dis=4.8119 forget=1.8736
[cider] ep 8 it 46 total=10.0291 comp=3.3642 dis=4.7851 forget=1.8797
[cider] ep 8 it 47 total=9.8850 comp=3.1774 dis=4.8601 forget=1.8476
[cider] ep 8 it 48 total=9.9120 comp=3.3643 dis=4.7168 forget=1.8309
[cider] ep 8 it 49 total=9.7401 comp=3.1282 dis=4.7740 forget=1.8379
[cider] ep 8 it 50 total=9.8651 comp=3.2113 dis=4.7807 forget=1.8731
[cider] ep 8 it 51 total=9.6815 comp=3.0558 dis=4.7850 forget=1.8407
[cider] ep 8 it 52 total=9.8720 comp=3.2335 dis=4.7746 forget=1.8639
[cider] ep 8 it 53 total=9.7629 comp=3.1388 dis=4.7854 forget=1.8387
[cider] ep 8 it 54 total=10.0122 comp=3.1952 dis=4.9810 forget=1.8360
[cider] ep 8 it 55 total=9.9362 comp=3.2145 dis=4.8506 forget=1.8710
[cider] ep 8 it 56 total=9.6068 comp=2.9631 dis=4.7993 forget=1.8444
[cider] ep 8 it 57 total=9.9680 comp=3.2826 dis=4.8164 forget=1.8691
[cider] ep 8 it 58 total=10.0163 comp=3.3279 dis=4.8319 forget=1.8565
[cider] ep 8 it 59 total=9.8501 comp=3.1422 dis=4.8708 forget=1.8371
[cider] ep 8 it 60 total=10.0942 comp=3.3237 dis=4.8733 forget=1.8972
[cider] ep 8 it 61 total=9.6177 comp=3.0768 dis=4.7637 forget=1.7772
[cider] ep 8 it 62 total=9.7782 comp=3.1374 dis=4.7739 forget=1.8669
[cider] ep 8 it 63 total=9.5743 comp=2.9585 dis=4.7774 forget=1.8384
[cider] ep 8 it 64 total=9.6398 comp=3.0152 dis=4.8054 forget=1.8191
[cider] ep 8 it 65 total=9.8431 comp=3.1380 dis=4.8379 forget=1.8672
[cider] ep 8 it 66 total=9.7581 comp=3.2043 dis=4.7120 forget=1.8418
[cider] ep 8 it 67 total=9.4235 comp=2.8676 dis=4.7196 forget=1.8363
[cider] ep 8 it 68 total=9.5026 comp=2.9001 dis=4.8089 forget=1.7936
[cider] ep 8 it 69 total=9.7351 comp=3.1378 dis=4.7312 forget=1.8661
[cider] ep 8 it 70 total=9.5856 comp=3.0086 dis=4.7390 forget=1.8379
[cider] ep 8 it 71 total=9.5969 comp=3.1338 dis=4.6302 forget=1.8330
[cider] ep 8 it 72 total=9.9421 comp=3.0681 dis=4.9610 forget=1.9130
[cider] ep 8 it 73 total=10.2118 comp=3.4179 dis=4.8990 forget=1.8948
[cider] ep 8 it 74 total=9.6793 comp=3.0629 dis=4.7752 forget=1.8411
[cider] ep 8 it 75 total=9.8043 comp=3.0692 dis=4.8407 forget=1.8944
[cider] ep 8 it 76 total=9.4191 comp=2.8559 dis=4.7556 forget=1.8076
[cider] ep 8 it 77 total=9.6635 comp=2.9689 dis=4.8371 forget=1.8574
[cider] ep 8 it 78 total=9.7769 comp=3.2005 dis=4.7447 forget=1.8318
[cider] ep 8 it 79 total=9.6910 comp=2.9672 dis=4.8471 forget=1.8766
[cider] ep 8 it 80 total=9.5155 comp=2.8788 dis=4.7939 forget=1.8428
[cider] ep 8 it 81 total=9.7325 comp=2.9950 dis=4.8882 forget=1.8493
[cider] ep 8 it 82 total=9.7050 comp=3.1434 dis=4.7138 forget=1.8479
[cider] ep 8 it 83 total=9.8035 comp=3.1843 dis=4.7520 forget=1.8672
[cider] ep 8 it 84 total=9.9010 comp=3.3034 dis=4.7388 forget=1.8588
[cider] ep 8 it 85 total=9.5423 comp=3.0411 dis=4.6985 forget=1.8028
[cider] ep 8 it 86 total=9.5988 comp=3.0522 dis=4.6933 forget=1.8533
[cider] ep 8 it 87 total=9.9787 comp=3.4837 dis=4.6226 forget=1.8724
[cider] ep 8 it 88 total=9.3973 comp=2.9352 dis=4.6669 forget=1.7952
[cider] ep 8 it 89 total=9.7860 comp=3.2617 dis=4.7076 forget=1.8167
[cider] ep 8 it 90 total=9.7769 comp=3.1824 dis=4.7647 forget=1.8299
[cider] ep 8 it 91 total=9.6902 comp=2.9617 dis=4.8483 forget=1.8803
[cider] ep 8 it 92 total=9.6149 comp=3.0340 dis=4.7015 forget=1.8794
[cider] ep 8 it 93 total=9.8369 comp=3.1993 dis=4.7735 forget=1.8641
[cider] ep 8 it 94 total=9.5249 comp=2.8870 dis=4.7925 forget=1.8455
[cider] ep 8 it 95 total=9.3859 comp=2.8278 dis=4.6485 forget=1.9096
[cider] ep 8 it 96 total=9.6048 comp=2.9775 dis=4.7589 forget=1.8685
[cider] ep 9 it 0 total=9.7033 comp=3.0366 dis=4.7825 forget=1.8842
[cider] ep 9 it 1 total=9.6652 comp=2.9882 dis=4.8225 forget=1.8544
[cider] ep 9 it 2 total=9.3255 comp=2.8549 dis=4.6685 forget=1.8020
[cider] ep 9 it 3 total=9.5700 comp=2.9665 dis=4.8079 forget=1.7956
[cider] ep 9 it 4 total=9.4292 comp=2.8646 dis=4.7248 forget=1.8398
[cider] ep 9 it 5 total=9.4345 comp=2.8647 dis=4.7109 forget=1.8589
[cider] ep 9 it 6 total=9.7140 comp=3.1384 dis=4.7059 forget=1.8697
[cider] ep 9 it 7 total=9.6756 comp=3.2138 dis=4.6598 forget=1.8020
[cider] ep 9 it 8 total=9.9723 comp=3.3319 dis=4.7886 forget=1.8519
[cider] ep 9 it 9 total=9.7376 comp=3.0434 dis=4.8571 forget=1.8371
[cider] ep 9 it 10 total=9.6141 comp=2.9380 dis=4.8572 forget=1.8189
[cider] ep 9 it 11 total=9.6206 comp=3.1068 dis=4.7022 forget=1.8116
[cider] ep 9 it 12 total=9.8479 comp=3.1467 dis=4.8399 forget=1.8614
[cider] ep 9 it 13 total=9.4220 comp=2.8525 dis=4.7220 forget=1.8475
[cider] ep 9 it 14 total=9.6409 comp=2.9563 dis=4.8791 forget=1.8055
[cider] ep 9 it 15 total=9.4491 comp=2.9572 dis=4.7087 forget=1.7832
[cider] ep 9 it 16 total=9.5074 comp=2.9809 dis=4.7191 forget=1.8074
[cider] ep 9 it 17 total=9.5786 comp=2.9579 dis=4.7501 forget=1.8706
[cider] ep 9 it 18 total=9.8408 comp=3.2700 dis=4.7368 forget=1.8339
[cider] ep 9 it 19 total=9.3335 comp=2.7590 dis=4.7588 forget=1.8156
[cider] ep 9 it 20 total=9.5788 comp=3.0140 dis=4.7559 forget=1.8090
[cider] ep 9 it 21 total=9.5155 comp=2.8981 dis=4.7662 forget=1.8512
[cider] ep 9 it 22 total=9.5162 comp=2.9831 dis=4.6761 forget=1.8570
[cider] ep 9 it 23 total=9.8472 comp=3.1327 dis=4.8524 forget=1.8621
[cider] ep 9 it 24 total=9.4933 comp=2.8271 dis=4.7898 forget=1.8764
[cider] ep 9 it 25 total=9.6594 comp=3.1330 dis=4.6826 forget=1.8439
[cider] ep 9 it 26 total=9.7012 comp=3.0838 dis=4.7705 forget=1.8468
[cider] ep 9 it 27 total=9.4327 comp=2.8394 dis=4.7624 forget=1.8308
[cider] ep 9 it 28 total=9.3448 comp=2.7630 dis=4.7242 forget=1.8576
[cider] ep 9 it 29 total=9.4578 comp=2.9905 dis=4.7123 forget=1.7550
[cider] ep 9 it 30 total=9.3510 comp=2.8771 dis=4.6545 forget=1.8194
[cider] ep 9 it 31 total=9.3806 comp=2.9439 dis=4.6285 forget=1.8082
[cider] ep 9 it 32 total=9.6672 comp=3.0705 dis=4.7443 forget=1.8524
[cider] ep 9 it 33 total=9.7271 comp=3.0907 dis=4.7920 forget=1.8444
[cider] ep 9 it 34 total=9.4028 comp=2.8203 dis=4.7698 forget=1.8127
[cider] ep 9 it 35 total=9.7768 comp=3.1984 dis=4.6934 forget=1.8850
[cider] ep 9 it 36 total=9.3010 comp=2.9952 dis=4.5478 forget=1.7580
[cider] ep 9 it 37 total=9.2679 comp=2.8616 dis=4.5955 forget=1.8108
[cider] ep 9 it 38 total=9.3543 comp=2.9355 dis=4.6124 forget=1.8064
[cider] ep 9 it 39 total=9.3609 comp=2.9364 dis=4.6293 forget=1.7952
[cider] ep 9 it 40 total=9.4284 comp=3.0998 dis=4.5211 forget=1.8075
[cider] ep 9 it 41 total=9.4337 comp=2.9526 dis=4.6616 forget=1.8196
[cider] ep 9 it 42 total=9.6222 comp=3.1256 dis=4.6623 forget=1.8343
[cider] ep 9 it 43 total=9.3671 comp=2.9423 dis=4.5800 forget=1.8448
[cider] ep 9 it 44 total=9.4709 comp=3.0455 dis=4.6331 forget=1.7923
[cider] ep 9 it 45 total=9.2326 comp=2.9964 dis=4.5303 forget=1.7058
[cider] ep 9 it 46 total=9.3080 comp=2.9009 dis=4.5978 forget=1.8094
[cider] ep 9 it 47 total=9.6303 comp=3.3118 dis=4.5519 forget=1.7666
[cider] ep 9 it 48 total=9.3921 comp=3.0599 dis=4.5330 forget=1.7993
[cider] ep 9 it 49 total=9.4021 comp=3.0232 dis=4.5748 forget=1.8041
[cider] ep 9 it 50 total=9.2368 comp=2.9146 dis=4.5228 forget=1.7994
[cider] ep 9 it 51 total=9.3228 comp=3.0818 dis=4.4672 forget=1.7737
[cider] ep 9 it 52 total=9.4673 comp=3.1616 dis=4.5229 forget=1.7828
[cider] ep 9 it 53 total=9.3777 comp=2.9326 dis=4.6508 forget=1.7943
[cider] ep 9 it 54 total=9.4728 comp=3.0571 dis=4.5906 forget=1.8250
[cider] ep 9 it 55 total=9.2466 comp=2.9802 dis=4.4794 forget=1.7870
[cider] ep 9 it 56 total=9.3076 comp=3.1196 dis=4.4483 forget=1.7397
[cider] ep 9 it 57 total=9.3127 comp=3.0456 dis=4.4954 forget=1.7717
[cider] ep 9 it 58 total=9.2304 comp=2.9412 dis=4.5127 forget=1.7765
[cider] ep 9 it 59 total=9.5910 comp=3.1294 dis=4.6619 forget=1.7997
[cider] ep 9 it 60 total=8.9645 comp=2.7436 dis=4.4221 forget=1.7988
